#
# There is insufficient memory for the Java Runtime Environment to continue.
# Native memory allocation (mmap) failed to map 371195904 bytes for committing reserved memory.
# Possible reasons:
#   The system is out of physical RAM or swap space
#   The process is running with CompressedOops enabled, and the Java Heap may be blocking the growth of the native heap
# Possible solutions:
#   Reduce memory load on the system
#   Increase physical memory or swap space
#   Check if swap backing store is full
#   Decrease Java heap size (-Xmx/-Xms)
#   Decrease number of Java threads
#   Decrease Java thread stack sizes (-Xss)
#   Set larger code cache with -XX:ReservedCodeCacheSize=
#   JVM is running with Unscaled Compressed Oops mode in which the Java heap is
#     placed in the first 4GB address space. The Java Heap base address is the
#     maximum limit for the native heap growth. Please use -XX:HeapBaseMinAddress
#     to set the Java Heap base and to place the Java Heap above 4GB virtual address.
# This output file may be truncated or incomplete.
#
#  Out of Memory Error (os_linux.cpp:2706), pid=4450, tid=4472
#
# JRE version: OpenJDK Runtime Environment (10.0.2+13) (build 10.0.2+13-Ubuntu-1ubuntu0.18.04.4)
# Java VM: OpenJDK 64-Bit Server VM (10.0.2+13-Ubuntu-1ubuntu0.18.04.4, mixed mode, tiered, compressed oops, g1 gc, linux-amd64)
# Core dump will be written. Default location: Core dumps may be processed with "/usr/share/apport/apport %p %s %c %d %P" (or dumping to /home/umar/softwareProjects/fruit-fly-original/core.4450)
#

---------------  S U M M A R Y ------------

Command Line: main/MainPage maps3

Host: Intel(R) Core(TM) i5-8300H CPU @ 2.30GHz, 8 cores, 7G, Ubuntu 18.04.1 LTS
Time: Mon Dec 17 04:38:15 2018 +08 elapsed time: 4 seconds (0d 0h 0m 4s)

---------------  T H R E A D  ---------------

Current thread (0x00007fcd60136800):  VMThread "VM Thread" [stack: 0x00007fcd44465000,0x00007fcd44565000] [id=4472]

Stack: [0x00007fcd44465000,0x00007fcd44565000],  sp=0x00007fcd445630a0,  free space=1016k
Native frames: (J=compiled Java code, A=aot compiled Java code, j=interpreted, Vv=VM code, C=native code)
V  [libjvm.so+0xd27ea4]
V  [libjvm.so+0xd28a4b]
V  [libjvm.so+0x64d415]
V  [libjvm.so+0xb2d7c8]
V  [libjvm.so+0xb2601d]
V  [libjvm.so+0x7662ff]
V  [libjvm.so+0x76653e]
V  [libjvm.so+0x769500]
V  [libjvm.so+0x7efa1c]
V  [libjvm.so+0x7f06df]
V  [libjvm.so+0x7f0b59]
V  [libjvm.so+0x7162cf]
V  [libjvm.so+0x71a3ba]
V  [libjvm.so+0xd3a008]
V  [libjvm.so+0xd38871]
V  [libjvm.so+0xd35b3b]
V  [libjvm.so+0xd3715e]
V  [libjvm.so+0xd37588]
V  [libjvm.so+0xb33d40]

VM_Operation (0x00007fcd6981c390): G1IncCollectionPause, mode: safepoint, requested by thread 0x00007fcd60011800


---------------  P R O C E S S  ---------------

Threads class SMR info:
_java_thread_list=0x00007fcd601f34b0, length=11, elements={
0x00007fcd60011800, 0x00007fcd60140800, 0x00007fcd60142800, 0x00007fcd60155000,
0x00007fcd60157000, 0x00007fcd60159000, 0x00007fcd6015b000, 0x00007fcd6015d000,
0x00007fcd6015f000, 0x00007fcd601eb800, 0x00007fcd601fa000
}

Java Threads: ( => current thread )
  0x00007fcd60011800 JavaThread "main" [_thread_blocked, id=4451, stack(0x00007fcd6971d000,0x00007fcd6981e000)]
  0x00007fcd60140800 JavaThread "Reference Handler" daemon [_thread_blocked, id=4473, stack(0x00007fcd44362000,0x00007fcd44463000)]
  0x00007fcd60142800 JavaThread "Finalizer" daemon [_thread_blocked, id=4475, stack(0x00007fcd44261000,0x00007fcd44362000)]
  0x00007fcd60155000 JavaThread "Signal Dispatcher" daemon [_thread_blocked, id=4476, stack(0x00007fcd44160000,0x00007fcd44261000)]
  0x00007fcd60157000 JavaThread "C2 CompilerThread0" daemon [_thread_blocked, id=4477, stack(0x00007fcd4405f000,0x00007fcd44160000)]
  0x00007fcd60159000 JavaThread "C2 CompilerThread1" daemon [_thread_blocked, id=4478, stack(0x00007fcd2409f000,0x00007fcd241a0000)]
  0x00007fcd6015b000 JavaThread "C2 CompilerThread2" daemon [_thread_blocked, id=4480, stack(0x00007fccf2d2f000,0x00007fccf2e30000)]
  0x00007fcd6015d000 JavaThread "C1 CompilerThread3" daemon [_thread_blocked, id=4481, stack(0x00007fccf2c2e000,0x00007fccf2d2f000)]
  0x00007fcd6015f000 JavaThread "Sweeper thread" daemon [_thread_blocked, id=4482, stack(0x00007fccf2b2d000,0x00007fccf2c2e000)]
  0x00007fcd601eb800 JavaThread "Service Thread" daemon [_thread_blocked, id=4486, stack(0x00007fccf2a2c000,0x00007fccf2b2d000)]
  0x00007fcd601fa000 JavaThread "Common-Cleaner" daemon [_thread_blocked, id=4488, stack(0x00007fccf2829000,0x00007fccf292a000)]

Other Threads:
=>0x00007fcd60136800 VMThread "VM Thread" [stack: 0x00007fcd44465000,0x00007fcd44565000] [id=4472]
  0x00007fcd601ee000 WatcherThread [stack: 0x00007fccf292c000,0x00007fccf2a2c000] [id=4487]
  0x00007fcd60028000 GCTaskThread "GC Thread#0" [stack: 0x00007fcd65848000,0x00007fcd65948000] [id=4452]
  0x00007fcd60029800 GCTaskThread "GC Thread#1" [stack: 0x00007fcd65746000,0x00007fcd65846000] [id=4453]
  0x00007fcd6002b800 GCTaskThread "GC Thread#2" [stack: 0x00007fcd65644000,0x00007fcd65744000] [id=4454]
  0x00007fcd6002d000 GCTaskThread "GC Thread#3" [stack: 0x00007fcd65542000,0x00007fcd65642000] [id=4455]
  0x00007fcd6002f000 GCTaskThread "GC Thread#4" [stack: 0x00007fcd65440000,0x00007fcd65540000] [id=4456]
  0x00007fcd60030800 GCTaskThread "GC Thread#5" [stack: 0x00007fcd6533e000,0x00007fcd6543e000] [id=4457]
  0x00007fcd60032000 GCTaskThread "GC Thread#6" [stack: 0x00007fcd6523c000,0x00007fcd6533c000] [id=4458]
  0x00007fcd60034000 GCTaskThread "GC Thread#7" [stack: 0x00007fcd6513a000,0x00007fcd6523a000] [id=4459]
  0x00007fcd6005d000 ConcurrentGCThread "G1 Main Marker" [stack: 0x00007fcd64098000,0x00007fcd64198000] [id=4460]
  0x00007fcd6005e800 ConcurrentGCThread "G1 Conc#0" [stack: 0x00007fcd457f9000,0x00007fcd458f9000] [id=4461]
  0x00007fcd60060800 ConcurrentGCThread "G1 Conc#1" [stack: 0x00007fcd456f7000,0x00007fcd457f7000] [id=4462]
  0x00007fcd600c7000 ConcurrentGCThread "G1 Refine#0" [stack: 0x00007fcd44ded000,0x00007fcd44eed000] [id=4463]
  0x00007fcd600c9000 ConcurrentGCThread "G1 Refine#1" [stack: 0x00007fcd44ceb000,0x00007fcd44deb000] [id=4464]
  0x00007fcd600ca800 ConcurrentGCThread "G1 Refine#2" [stack: 0x00007fcd44be9000,0x00007fcd44ce9000] [id=4465]
  0x00007fcd600cc800 ConcurrentGCThread "G1 Refine#3" [stack: 0x00007fcd44ae7000,0x00007fcd44be7000] [id=4466]
  0x00007fcd600ce000 ConcurrentGCThread "G1 Refine#4" [stack: 0x00007fcd449e5000,0x00007fcd44ae5000] [id=4467]
  0x00007fcd600d0000 ConcurrentGCThread "G1 Refine#5" [stack: 0x00007fcd448e3000,0x00007fcd449e3000] [id=4468]
  0x00007fcd600d1800 ConcurrentGCThread "G1 Refine#6" [stack: 0x00007fcd447e1000,0x00007fcd448e1000] [id=4469]
  0x00007fcd600d3800 ConcurrentGCThread "G1 Refine#7" [stack: 0x00007fcd446df000,0x00007fcd447df000] [id=4470]
  0x00007fcd600d5000 ConcurrentGCThread "G1 Young RemSet Sampling" [stack: 0x00007fcd445dd000,0x00007fcd446dd000] [id=4471]

Threads with active compile tasks:

VM state:at safepoint (normal execution)

VM Mutex/Monitor currently owned by a thread:  ([mutex/lock_event])
[0x00007fcd6000da20] Threads_lock - owner thread: 0x00007fcd60136800
[0x00007fcd6000dfc0] Heap_lock - owner thread: 0x00007fcd60011800

Heap address: 0x0000000086800000, size: 1944 MB, Compressed Oops mode: 32-bit
Narrow klass base: 0x0000000000000000, Narrow klass shift: 3
Compressed class space size: 1073741824 Address: 0x0000000100000000

Heap:
 garbage-first heap   total 543744K, used 1130K [0x0000000086800000, 0x0000000100000000)
  region size 1024K, 1 young (1024K), 1 survivors (1024K)
 Metaspace       used 4150K, capacity 4564K, committed 4864K, reserved 1056768K
  class space    used 339K, capacity 388K, committed 512K, reserved 1048576K
Heap Regions: E=young(eden), S=young(survivor), O=old, HS=humongous(starts), HC=humongous(continues), CS=collection set, F=free, A=archive, TS=gc time stamp, AC=allocation context, TAMS=top-at-mark-start (previous, next)
|   0|0x0000000086800000, 0x00000000868e0000, 0x0000000086900000| 87%| O|  |TS 38|AC  0|TAMS 0x0000000086800000, 0x0000000086800000|
|   1|0x0000000086900000, 0x0000000086900000, 0x0000000086a00000|  0%| F|  |TS  0|AC  0|TAMS 0x0000000086900000, 0x0000000086900000|
|   2|0x0000000086a00000, 0x0000000086a00000, 0x0000000086b00000|  0%| F|  |TS  0|AC  0|TAMS 0x0000000086a00000, 0x0000000086a00000|
|   3|0x0000000086b00000, 0x0000000086b00000, 0x0000000086c00000|  0%| F|  |TS  0|AC  0|TAMS 0x0000000086b00000, 0x0000000086b00000|
|   4|0x0000000086c00000, 0x0000000086c00000, 0x0000000086d00000|  0%| F|  |TS  0|AC  0|TAMS 0x0000000086c00000, 0x0000000086c00000|
|   5|0x0000000086d00000, 0x0000000086d00000, 0x0000000086e00000|  0%| F|  |TS  0|AC  0|TAMS 0x0000000086d00000, 0x0000000086d00000|
|   6|0x0000000086e00000, 0x0000000086e00000, 0x0000000086f00000|  0%| F|  |TS  0|AC  0|TAMS 0x0000000086e00000, 0x0000000086e00000|
|   7|0x0000000086f00000, 0x0000000086f00000, 0x0000000087000000|  0%| F|  |TS  0|AC  0|TAMS 0x0000000086f00000, 0x0000000086f00000|
|   8|0x0000000087000000, 0x0000000087000000, 0x0000000087100000|  0%| F|  |TS  0|AC  0|TAMS 0x0000000087000000, 0x0000000087000000|
|   9|0x0000000087100000, 0x0000000087100000, 0x0000000087200000|  0%| F|  |TS  0|AC  0|TAMS 0x0000000087100000, 0x0000000087100000|
|  10|0x0000000087200000, 0x0000000087200000, 0x0000000087300000|  0%| F|  |TS  0|AC  0|TAMS 0x0000000087200000, 0x0000000087200000|
|  11|0x0000000087300000, 0x0000000087300000, 0x0000000087400000|  0%| F|  |TS  0|AC  0|TAMS 0x0000000087300000, 0x0000000087300000|
|  12|0x0000000087400000, 0x0000000087400000, 0x0000000087500000|  0%| F|  |TS  0|AC  0|TAMS 0x0000000087400000, 0x0000000087400000|
|  13|0x0000000087500000, 0x0000000087500000, 0x0000000087600000|  0%| F|  |TS  0|AC  0|TAMS 0x0000000087500000, 0x0000000087500000|
|  14|0x0000000087600000, 0x0000000087600000, 0x0000000087700000|  0%| F|  |TS  0|AC  0|TAMS 0x0000000087600000, 0x0000000087600000|
|  15|0x0000000087700000, 0x0000000087700000, 0x0000000087800000|  0%| F|  |TS  0|AC  0|TAMS 0x0000000087700000, 0x0000000087700000|
|  16|0x0000000087800000, 0x0000000087800000, 0x0000000087900000|  0%| F|  |TS  0|AC  0|TAMS 0x0000000087800000, 0x0000000087800000|
|  17|0x0000000087900000, 0x0000000087900000, 0x0000000087a00000|  0%| F|  |TS  0|AC  0|TAMS 0x0000000087900000, 0x0000000087900000|
|  18|0x0000000087a00000, 0x0000000087a00000, 0x0000000087b00000|  0%| F|  |TS  0|AC  0|TAMS 0x0000000087a00000, 0x0000000087a00000|
|  19|0x0000000087b00000, 0x0000000087b00000, 0x0000000087c00000|  0%| F|  |TS  0|AC  0|TAMS 0x0000000087b00000, 0x0000000087b00000|
|  20|0x0000000087c00000, 0x0000000087c00000, 0x0000000087d00000|  0%| F|  |TS  0|AC  0|TAMS 0x0000000087c00000, 0x0000000087c00000|
|  21|0x0000000087d00000, 0x0000000087d00000, 0x0000000087e00000|  0%| F|  |TS  0|AC  0|TAMS 0x0000000087d00000, 0x0000000087d00000|
|  22|0x0000000087e00000, 0x0000000087e00000, 0x0000000087f00000|  0%| F|  |TS  0|AC  0|TAMS 0x0000000087e00000, 0x0000000087e00000|
|  23|0x0000000087f00000, 0x0000000087f00000, 0x0000000088000000|  0%| F|  |TS  0|AC  0|TAMS 0x0000000087f00000, 0x0000000087f00000|
|  24|0x0000000088000000, 0x0000000088000000, 0x0000000088100000|  0%| F|  |TS  0|AC  0|TAMS 0x0000000088000000, 0x0000000088000000|
|  25|0x0000000088100000, 0x0000000088100000, 0x0000000088200000|  0%| F|  |TS  0|AC  0|TAMS 0x0000000088100000, 0x0000000088100000|
|  26|0x0000000088200000, 0x0000000088200000, 0x0000000088300000|  0%| F|  |TS  0|AC  0|TAMS 0x0000000088200000, 0x0000000088200000|
|  27|0x0000000088300000, 0x0000000088300000, 0x0000000088400000|  0%| F|  |TS  0|AC  0|TAMS 0x0000000088300000, 0x0000000088300000|
|  28|0x0000000088400000, 0x0000000088400000, 0x0000000088500000|  0%| F|  |TS  0|AC  0|TAMS 0x0000000088400000, 0x0000000088400000|
|  29|0x0000000088500000, 0x0000000088500000, 0x0000000088600000|  0%| F|  |TS  0|AC  0|TAMS 0x0000000088500000, 0x0000000088500000|
|  30|0x0000000088600000, 0x0000000088600000, 0x0000000088700000|  0%| F|  |TS  0|AC  0|TAMS 0x0000000088600000, 0x0000000088600000|
|  31|0x0000000088700000, 0x0000000088700000, 0x0000000088800000|  0%| F|  |TS  0|AC  0|TAMS 0x0000000088700000, 0x0000000088700000|
|  32|0x0000000088800000, 0x0000000088800000, 0x0000000088900000|  0%| F|  |TS  0|AC  0|TAMS 0x0000000088800000, 0x0000000088800000|
|  33|0x0000000088900000, 0x0000000088900000, 0x0000000088a00000|  0%| F|  |TS  0|AC  0|TAMS 0x0000000088900000, 0x0000000088900000|
|  34|0x0000000088a00000, 0x0000000088a00000, 0x0000000088b00000|  0%| F|  |TS  0|AC  0|TAMS 0x0000000088a00000, 0x0000000088a00000|
|  35|0x0000000088b00000, 0x0000000088b00000, 0x0000000088c00000|  0%| F|  |TS  0|AC  0|TAMS 0x0000000088b00000, 0x0000000088b00000|
|  36|0x0000000088c00000, 0x0000000088c00000, 0x0000000088d00000|  0%| F|  |TS  0|AC  0|TAMS 0x0000000088c00000, 0x0000000088c00000|
|  37|0x0000000088d00000, 0x0000000088d00000, 0x0000000088e00000|  0%| F|  |TS  0|AC  0|TAMS 0x0000000088d00000, 0x0000000088d00000|
|  38|0x0000000088e00000, 0x0000000088e00000, 0x0000000088f00000|  0%| F|  |TS  0|AC  0|TAMS 0x0000000088e00000, 0x0000000088e00000|
|  39|0x0000000088f00000, 0x0000000088f00000, 0x0000000089000000|  0%| F|  |TS  0|AC  0|TAMS 0x0000000088f00000, 0x0000000088f00000|
|  40|0x0000000089000000, 0x0000000089000000, 0x0000000089100000|  0%| F|  |TS  0|AC  0|TAMS 0x0000000089000000, 0x0000000089000000|
|  41|0x0000000089100000, 0x0000000089100000, 0x0000000089200000|  0%| F|  |TS  0|AC  0|TAMS 0x0000000089100000, 0x0000000089100000|
|  42|0x0000000089200000, 0x0000000089200000, 0x0000000089300000|  0%| F|  |TS  0|AC  0|TAMS 0x0000000089200000, 0x0000000089200000|
|  43|0x0000000089300000, 0x0000000089300000, 0x0000000089400000|  0%| F|  |TS  0|AC  0|TAMS 0x0000000089300000, 0x0000000089300000|
|  44|0x0000000089400000, 0x0000000089400000, 0x0000000089500000|  0%| F|  |TS  0|AC  0|TAMS 0x0000000089400000, 0x0000000089400000|
|  45|0x0000000089500000, 0x0000000089500000, 0x0000000089600000|  0%| F|  |TS  0|AC  0|TAMS 0x0000000089500000, 0x0000000089500000|
|  46|0x0000000089600000, 0x0000000089600000, 0x0000000089700000|  0%| F|  |TS  0|AC  0|TAMS 0x0000000089600000, 0x0000000089600000|
|  47|0x0000000089700000, 0x0000000089700000, 0x0000000089800000|  0%| F|  |TS  0|AC  0|TAMS 0x0000000089700000, 0x0000000089700000|
|  48|0x0000000089800000, 0x0000000089800000, 0x0000000089900000|  0%| F|  |TS  5|AC  0|TAMS 0x0000000089800000, 0x0000000089800000|
|  49|0x0000000089900000, 0x0000000089900000, 0x0000000089a00000|  0%| F|  |TS  6|AC  0|TAMS 0x0000000089900000, 0x0000000089900000|
|  50|0x0000000089a00000, 0x0000000089a00000, 0x0000000089b00000|  0%| F|  |TS  5|AC  0|TAMS 0x0000000089a00000, 0x0000000089a00000|
|  51|0x0000000089b00000, 0x0000000089b00000, 0x0000000089c00000|  0%| F|  |TS  5|AC  0|TAMS 0x0000000089b00000, 0x0000000089b00000|
|  52|0x0000000089c00000, 0x0000000089c00000, 0x0000000089d00000|  0%| F|  |TS  5|AC  0|TAMS 0x0000000089c00000, 0x0000000089c00000|
|  53|0x0000000089d00000, 0x0000000089d00000, 0x0000000089e00000|  0%| F|  |TS  5|AC  0|TAMS 0x0000000089d00000, 0x0000000089d00000|
|  54|0x0000000089e00000, 0x0000000089e00000, 0x0000000089f00000|  0%| F|  |TS  5|AC  0|TAMS 0x0000000089e00000, 0x0000000089e00000|
|  55|0x0000000089f00000, 0x0000000089f00000, 0x000000008a000000|  0%| F|  |TS  5|AC  0|TAMS 0x0000000089f00000, 0x0000000089f00000|
|  56|0x000000008a000000, 0x000000008a000000, 0x000000008a100000|  0%| F|  |TS  5|AC  0|TAMS 0x000000008a000000, 0x000000008a000000|
|  57|0x000000008a100000, 0x000000008a100000, 0x000000008a200000|  0%| F|  |TS  5|AC  0|TAMS 0x000000008a100000, 0x000000008a100000|
|  58|0x000000008a200000, 0x000000008a200000, 0x000000008a300000|  0%| F|  |TS 30|AC  0|TAMS 0x000000008a200000, 0x000000008a200000|
|  59|0x000000008a300000, 0x000000008a300000, 0x000000008a400000|  0%| F|  |TS 29|AC  0|TAMS 0x000000008a300000, 0x000000008a300000|
|  60|0x000000008a400000, 0x000000008a400000, 0x000000008a500000|  0%| F|  |TS 29|AC  0|TAMS 0x000000008a400000, 0x000000008a400000|
|  61|0x000000008a500000, 0x000000008a500000, 0x000000008a600000|  0%| F|  |TS 29|AC  0|TAMS 0x000000008a500000, 0x000000008a500000|
|  62|0x000000008a600000, 0x000000008a600000, 0x000000008a700000|  0%| F|  |TS 29|AC  0|TAMS 0x000000008a600000, 0x000000008a600000|
|  63|0x000000008a700000, 0x000000008a700000, 0x000000008a800000|  0%| F|  |TS 29|AC  0|TAMS 0x000000008a700000, 0x000000008a700000|
|  64|0x000000008a800000, 0x000000008a800000, 0x000000008a900000|  0%| F|  |TS 29|AC  0|TAMS 0x000000008a800000, 0x000000008a800000|
|  65|0x000000008a900000, 0x000000008a900000, 0x000000008aa00000|  0%| F|  |TS 29|AC  0|TAMS 0x000000008a900000, 0x000000008a900000|
|  66|0x000000008aa00000, 0x000000008aa00000, 0x000000008ab00000|  0%| F|  |TS 29|AC  0|TAMS 0x000000008aa00000, 0x000000008aa00000|
|  67|0x000000008ab00000, 0x000000008ab00000, 0x000000008ac00000|  0%| F|  |TS 29|AC  0|TAMS 0x000000008ab00000, 0x000000008ab00000|
|  68|0x000000008ac00000, 0x000000008ac00000, 0x000000008ad00000|  0%| F|  |TS 29|AC  0|TAMS 0x000000008ac00000, 0x000000008ac00000|
|  69|0x000000008ad00000, 0x000000008ad00000, 0x000000008ae00000|  0%| F|  |TS 29|AC  0|TAMS 0x000000008ad00000, 0x000000008ad00000|
|  70|0x000000008ae00000, 0x000000008ae00000, 0x000000008af00000|  0%| F|  |TS 38|AC  0|TAMS 0x000000008ae00000, 0x000000008ae00000|
|  71|0x000000008af00000, 0x000000008af3aa78, 0x000000008b000000| 22%| S|CS|TS 38|AC  0|TAMS 0x000000008af00000, 0x000000008af00000|
|  72|0x000000008b000000, 0x000000008b000000, 0x000000008b100000|  0%| F|  |TS 38|AC  0|TAMS 0x000000008b000000, 0x000000008b000000|
|  73|0x000000008b100000, 0x000000008b100000, 0x000000008b200000|  0%| F|  |TS 38|AC  0|TAMS 0x000000008b100000, 0x000000008b100000|
|  74|0x000000008b200000, 0x000000008b200000, 0x000000008b300000|  0%| F|  |TS 38|AC  0|TAMS 0x000000008b200000, 0x000000008b200000|
|  75|0x000000008b300000, 0x000000008b300000, 0x000000008b400000|  0%| F|  |TS 38|AC  0|TAMS 0x000000008b300000, 0x000000008b300000|
|  76|0x000000008b400000, 0x000000008b400000, 0x000000008b500000|  0%| F|  |TS 38|AC  0|TAMS 0x000000008b400000, 0x000000008b400000|
|  77|0x000000008b500000, 0x000000008b500000, 0x000000008b600000|  0%| F|  |TS 38|AC  0|TAMS 0x000000008b500000, 0x000000008b500000|
|  78|0x000000008b600000, 0x000000008b600000, 0x000000008b700000|  0%| F|  |TS 38|AC  0|TAMS 0x000000008b600000, 0x000000008b600000|
|  79|0x000000008b700000, 0x000000008b700000, 0x000000008b800000|  0%| F|  |TS 38|AC  0|TAMS 0x000000008b700000, 0x000000008b700000|
|  80|0x000000008b800000, 0x000000008b800000, 0x000000008b900000|  0%| F|  |TS 38|AC  0|TAMS 0x000000008b800000, 0x000000008b800000|
|  81|0x000000008b900000, 0x000000008b900000, 0x000000008ba00000|  0%| F|  |TS 38|AC  0|TAMS 0x000000008b900000, 0x000000008b900000|
|  82|0x000000008ba00000, 0x000000008ba00000, 0x000000008bb00000|  0%| F|  |TS 38|AC  0|TAMS 0x000000008ba00000, 0x000000008ba00000|
|  83|0x000000008bb00000, 0x000000008bb00000, 0x000000008bc00000|  0%| F|  |TS 38|AC  0|TAMS 0x000000008bb00000, 0x000000008bb00000|
|  84|0x000000008bc00000, 0x000000008bc00000, 0x000000008bd00000|  0%| F|  |TS 38|AC  0|TAMS 0x000000008bc00000, 0x000000008bc00000|
|  85|0x000000008bd00000, 0x000000008bd00000, 0x000000008be00000|  0%| F|  |TS 38|AC  0|TAMS 0x000000008bd00000, 0x000000008bd00000|
|  86|0x000000008be00000, 0x000000008be00000, 0x000000008bf00000|  0%| F|  |TS 38|AC  0|TAMS 0x000000008be00000, 0x000000008be00000|
|  87|0x000000008bf00000, 0x000000008bf00000, 0x000000008c000000|  0%| F|  |TS 38|AC  0|TAMS 0x000000008bf00000, 0x000000008bf00000|
|  88|0x000000008c000000, 0x000000008c000000, 0x000000008c100000|  0%| F|  |TS 38|AC  0|TAMS 0x000000008c000000, 0x000000008c000000|
|  89|0x000000008c100000, 0x000000008c100000, 0x000000008c200000|  0%| F|  |TS 38|AC  0|TAMS 0x000000008c100000, 0x000000008c100000|
|  90|0x000000008c200000, 0x000000008c200000, 0x000000008c300000|  0%| F|  |TS 38|AC  0|TAMS 0x000000008c200000, 0x000000008c200000|
|  91|0x000000008c300000, 0x000000008c300000, 0x000000008c400000|  0%| F|  |TS 38|AC  0|TAMS 0x000000008c300000, 0x000000008c300000|
|  92|0x000000008c400000, 0x000000008c400000, 0x000000008c500000|  0%| F|  |TS 38|AC  0|TAMS 0x000000008c400000, 0x000000008c400000|
|  93|0x000000008c500000, 0x000000008c500000, 0x000000008c600000|  0%| F|  |TS 38|AC  0|TAMS 0x000000008c500000, 0x000000008c500000|
|  94|0x000000008c600000, 0x000000008c600000, 0x000000008c700000|  0%| F|  |TS 38|AC  0|TAMS 0x000000008c600000, 0x000000008c600000|
|  95|0x000000008c700000, 0x000000008c700000, 0x000000008c800000|  0%| F|  |TS 38|AC  0|TAMS 0x000000008c700000, 0x000000008c700000|
|  96|0x000000008c800000, 0x000000008c800000, 0x000000008c900000|  0%| F|  |TS 38|AC  0|TAMS 0x000000008c800000, 0x000000008c800000|
|  97|0x000000008c900000, 0x000000008c900000, 0x000000008ca00000|  0%| F|  |TS 38|AC  0|TAMS 0x000000008c900000, 0x000000008c900000|
|  98|0x000000008ca00000, 0x000000008ca00000, 0x000000008cb00000|  0%| F|  |TS 38|AC  0|TAMS 0x000000008ca00000, 0x000000008ca00000|
|  99|0x000000008cb00000, 0x000000008cb00000, 0x000000008cc00000|  0%| F|  |TS 38|AC  0|TAMS 0x000000008cb00000, 0x000000008cb00000|
| 100|0x000000008cc00000, 0x000000008cc00000, 0x000000008cd00000|  0%| F|  |TS 38|AC  0|TAMS 0x000000008cc00000, 0x000000008cc00000|
| 101|0x000000008cd00000, 0x000000008cd00000, 0x000000008ce00000|  0%| F|  |TS 38|AC  0|TAMS 0x000000008cd00000, 0x000000008cd00000|
| 102|0x000000008ce00000, 0x000000008ce00000, 0x000000008cf00000|  0%| F|  |TS 38|AC  0|TAMS 0x000000008ce00000, 0x000000008ce00000|
| 103|0x000000008cf00000, 0x000000008cf00000, 0x000000008d000000|  0%| F|  |TS 38|AC  0|TAMS 0x000000008cf00000, 0x000000008cf00000|
| 104|0x000000008d000000, 0x000000008d000000, 0x000000008d100000|  0%| F|  |TS 38|AC  0|TAMS 0x000000008d000000, 0x000000008d000000|
| 105|0x000000008d100000, 0x000000008d100000, 0x000000008d200000|  0%| F|  |TS 38|AC  0|TAMS 0x000000008d100000, 0x000000008d100000|
| 106|0x000000008d200000, 0x000000008d200000, 0x000000008d300000|  0%| F|  |TS 38|AC  0|TAMS 0x000000008d200000, 0x000000008d200000|
| 107|0x000000008d300000, 0x000000008d300000, 0x000000008d400000|  0%| F|  |TS 38|AC  0|TAMS 0x000000008d300000, 0x000000008d300000|
| 108|0x000000008d400000, 0x000000008d400000, 0x000000008d500000|  0%| F|  |TS 38|AC  0|TAMS 0x000000008d400000, 0x000000008d400000|
| 109|0x000000008d500000, 0x000000008d500000, 0x000000008d600000|  0%| F|  |TS 38|AC  0|TAMS 0x000000008d500000, 0x000000008d500000|
| 110|0x000000008d600000, 0x000000008d600000, 0x000000008d700000|  0%| F|  |TS 38|AC  0|TAMS 0x000000008d600000, 0x000000008d600000|
| 111|0x000000008d700000, 0x000000008d700000, 0x000000008d800000|  0%| F|  |TS 38|AC  0|TAMS 0x000000008d700000, 0x000000008d700000|
| 112|0x000000008d800000, 0x000000008d800000, 0x000000008d900000|  0%| F|  |TS 38|AC  0|TAMS 0x000000008d800000, 0x000000008d800000|
| 113|0x000000008d900000, 0x000000008d900000, 0x000000008da00000|  0%| F|  |TS 38|AC  0|TAMS 0x000000008d900000, 0x000000008d900000|
| 114|0x000000008da00000, 0x000000008da00000, 0x000000008db00000|  0%| F|  |TS 38|AC  0|TAMS 0x000000008da00000, 0x000000008da00000|
| 115|0x000000008db00000, 0x000000008db00000, 0x000000008dc00000|  0%| F|  |TS 38|AC  0|TAMS 0x000000008db00000, 0x000000008db00000|
| 116|0x000000008dc00000, 0x000000008dc00000, 0x000000008dd00000|  0%| F|  |TS 38|AC  0|TAMS 0x000000008dc00000, 0x000000008dc00000|
| 117|0x000000008dd00000, 0x000000008dd00000, 0x000000008de00000|  0%| F|  |TS 38|AC  0|TAMS 0x000000008dd00000, 0x000000008dd00000|
| 118|0x000000008de00000, 0x000000008de00000, 0x000000008df00000|  0%| F|  |TS 38|AC  0|TAMS 0x000000008de00000, 0x000000008de00000|
| 119|0x000000008df00000, 0x000000008df00000, 0x000000008e000000|  0%| F|  |TS 38|AC  0|TAMS 0x000000008df00000, 0x000000008df00000|
| 120|0x000000008e000000, 0x000000008e000000, 0x000000008e100000|  0%| F|  |TS 38|AC  0|TAMS 0x000000008e000000, 0x000000008e000000|
| 121|0x000000008e100000, 0x000000008e100000, 0x000000008e200000|  0%| F|  |TS 38|AC  0|TAMS 0x000000008e100000, 0x000000008e100000|
| 122|0x000000008e200000, 0x000000008e200000, 0x000000008e300000|  0%| F|  |TS 38|AC  0|TAMS 0x000000008e200000, 0x000000008e200000|
| 123|0x000000008e300000, 0x000000008e300000, 0x000000008e400000|  0%| F|  |TS 38|AC  0|TAMS 0x000000008e300000, 0x000000008e300000|
| 124|0x000000008e400000, 0x000000008e400000, 0x000000008e500000|  0%| F|  |TS 38|AC  0|TAMS 0x000000008e400000, 0x000000008e400000|
| 125|0x000000008e500000, 0x000000008e500000, 0x000000008e600000|  0%| F|  |TS 38|AC  0|TAMS 0x000000008e500000, 0x000000008e500000|
| 126|0x000000008e600000, 0x000000008e600000, 0x000000008e700000|  0%| F|  |TS 38|AC  0|TAMS 0x000000008e600000, 0x000000008e600000|
| 127|0x000000008e700000, 0x000000008e700000, 0x000000008e800000|  0%| F|  |TS 38|AC  0|TAMS 0x000000008e700000, 0x000000008e700000|
| 128|0x000000008e800000, 0x000000008e800000, 0x000000008e900000|  0%| F|  |TS 38|AC  0|TAMS 0x000000008e800000, 0x000000008e800000|
| 129|0x000000008e900000, 0x000000008e900000, 0x000000008ea00000|  0%| F|  |TS 38|AC  0|TAMS 0x000000008e900000, 0x000000008e900000|
| 130|0x000000008ea00000, 0x000000008ea00000, 0x000000008eb00000|  0%| F|  |TS 38|AC  0|TAMS 0x000000008ea00000, 0x000000008ea00000|
| 131|0x000000008eb00000, 0x000000008eb00000, 0x000000008ec00000|  0%| F|  |TS 38|AC  0|TAMS 0x000000008eb00000, 0x000000008eb00000|
| 132|0x000000008ec00000, 0x000000008ec00000, 0x000000008ed00000|  0%| F|  |TS 38|AC  0|TAMS 0x000000008ec00000, 0x000000008ec00000|
| 133|0x000000008ed00000, 0x000000008ed00000, 0x000000008ee00000|  0%| F|  |TS 38|AC  0|TAMS 0x000000008ed00000, 0x000000008ed00000|
| 134|0x000000008ee00000, 0x000000008ee00000, 0x000000008ef00000|  0%| F|  |TS 38|AC  0|TAMS 0x000000008ee00000, 0x000000008ee00000|
| 135|0x000000008ef00000, 0x000000008ef00000, 0x000000008f000000|  0%| F|  |TS 38|AC  0|TAMS 0x000000008ef00000, 0x000000008ef00000|
| 136|0x000000008f000000, 0x000000008f000000, 0x000000008f100000|  0%| F|  |TS 38|AC  0|TAMS 0x000000008f000000, 0x000000008f000000|
| 137|0x000000008f100000, 0x000000008f100000, 0x000000008f200000|  0%| F|  |TS 38|AC  0|TAMS 0x000000008f100000, 0x000000008f100000|
| 138|0x000000008f200000, 0x000000008f200000, 0x000000008f300000|  0%| F|  |TS 38|AC  0|TAMS 0x000000008f200000, 0x000000008f200000|
| 139|0x000000008f300000, 0x000000008f300000, 0x000000008f400000|  0%| F|  |TS 38|AC  0|TAMS 0x000000008f300000, 0x000000008f300000|
| 140|0x000000008f400000, 0x000000008f400000, 0x000000008f500000|  0%| F|  |TS 38|AC  0|TAMS 0x000000008f400000, 0x000000008f400000|
| 141|0x000000008f500000, 0x000000008f500000, 0x000000008f600000|  0%| F|  |TS 38|AC  0|TAMS 0x000000008f500000, 0x000000008f500000|
| 142|0x000000008f600000, 0x000000008f600000, 0x000000008f700000|  0%| F|  |TS 38|AC  0|TAMS 0x000000008f600000, 0x000000008f600000|
| 143|0x000000008f700000, 0x000000008f700000, 0x000000008f800000|  0%| F|  |TS 38|AC  0|TAMS 0x000000008f700000, 0x000000008f700000|
| 144|0x000000008f800000, 0x000000008f800000, 0x000000008f900000|  0%| F|  |TS 38|AC  0|TAMS 0x000000008f800000, 0x000000008f800000|
| 145|0x000000008f900000, 0x000000008f900000, 0x000000008fa00000|  0%| F|  |TS 38|AC  0|TAMS 0x000000008f900000, 0x000000008f900000|
| 146|0x000000008fa00000, 0x000000008fa00000, 0x000000008fb00000|  0%| F|  |TS 38|AC  0|TAMS 0x000000008fa00000, 0x000000008fa00000|
| 147|0x000000008fb00000, 0x000000008fb00000, 0x000000008fc00000|  0%| F|  |TS 38|AC  0|TAMS 0x000000008fb00000, 0x000000008fb00000|
| 148|0x000000008fc00000, 0x000000008fc00000, 0x000000008fd00000|  0%| F|  |TS 38|AC  0|TAMS 0x000000008fc00000, 0x000000008fc00000|
| 149|0x000000008fd00000, 0x000000008fd00000, 0x000000008fe00000|  0%| F|  |TS 38|AC  0|TAMS 0x000000008fd00000, 0x000000008fd00000|
| 150|0x000000008fe00000, 0x000000008fe00000, 0x000000008ff00000|  0%| F|  |TS 38|AC  0|TAMS 0x000000008fe00000, 0x000000008fe00000|
| 151|0x000000008ff00000, 0x000000008ff00000, 0x0000000090000000|  0%| F|  |TS 38|AC  0|TAMS 0x000000008ff00000, 0x000000008ff00000|
| 152|0x0000000090000000, 0x0000000090000000, 0x0000000090100000|  0%| F|  |TS 38|AC  0|TAMS 0x0000000090000000, 0x0000000090000000|
| 153|0x0000000090100000, 0x0000000090100000, 0x0000000090200000|  0%| F|  |TS 38|AC  0|TAMS 0x0000000090100000, 0x0000000090100000|
| 154|0x0000000090200000, 0x0000000090200000, 0x0000000090300000|  0%| F|  |TS 38|AC  0|TAMS 0x0000000090200000, 0x0000000090200000|
| 155|0x0000000090300000, 0x0000000090300000, 0x0000000090400000|  0%| F|  |TS 38|AC  0|TAMS 0x0000000090300000, 0x0000000090300000|
| 156|0x0000000090400000, 0x0000000090400000, 0x0000000090500000|  0%| F|  |TS 38|AC  0|TAMS 0x0000000090400000, 0x0000000090400000|
| 157|0x0000000090500000, 0x0000000090500000, 0x0000000090600000|  0%| F|  |TS 38|AC  0|TAMS 0x0000000090500000, 0x0000000090500000|
| 158|0x0000000090600000, 0x0000000090600000, 0x0000000090700000|  0%| F|  |TS 38|AC  0|TAMS 0x0000000090600000, 0x0000000090600000|
| 159|0x0000000090700000, 0x0000000090700000, 0x0000000090800000|  0%| F|  |TS 38|AC  0|TAMS 0x0000000090700000, 0x0000000090700000|
| 160|0x0000000090800000, 0x0000000090800000, 0x0000000090900000|  0%| F|  |TS 38|AC  0|TAMS 0x0000000090800000, 0x0000000090800000|
| 161|0x0000000090900000, 0x0000000090900000, 0x0000000090a00000|  0%| F|  |TS 38|AC  0|TAMS 0x0000000090900000, 0x0000000090900000|
| 162|0x0000000090a00000, 0x0000000090a00000, 0x0000000090b00000|  0%| F|  |TS 38|AC  0|TAMS 0x0000000090a00000, 0x0000000090a00000|
| 163|0x0000000090b00000, 0x0000000090b00000, 0x0000000090c00000|  0%| F|  |TS 38|AC  0|TAMS 0x0000000090b00000, 0x0000000090b00000|
| 164|0x0000000090c00000, 0x0000000090c00000, 0x0000000090d00000|  0%| F|  |TS 38|AC  0|TAMS 0x0000000090c00000, 0x0000000090c00000|
| 165|0x0000000090d00000, 0x0000000090d00000, 0x0000000090e00000|  0%| F|  |TS 38|AC  0|TAMS 0x0000000090d00000, 0x0000000090d00000|
| 166|0x0000000090e00000, 0x0000000090e00000, 0x0000000090f00000|  0%| F|  |TS 38|AC  0|TAMS 0x0000000090e00000, 0x0000000090e00000|
| 167|0x0000000090f00000, 0x0000000090f00000, 0x0000000091000000|  0%| F|  |TS 38|AC  0|TAMS 0x0000000090f00000, 0x0000000090f00000|
| 168|0x0000000091000000, 0x0000000091000000, 0x0000000091100000|  0%| F|  |TS 38|AC  0|TAMS 0x0000000091000000, 0x0000000091000000|
| 169|0x0000000091100000, 0x0000000091100000, 0x0000000091200000|  0%| F|  |TS 38|AC  0|TAMS 0x0000000091100000, 0x0000000091100000|
| 170|0x0000000091200000, 0x0000000091200000, 0x0000000091300000|  0%| F|  |TS 38|AC  0|TAMS 0x0000000091200000, 0x0000000091200000|
| 171|0x0000000091300000, 0x0000000091300000, 0x0000000091400000|  0%| F|  |TS 38|AC  0|TAMS 0x0000000091300000, 0x0000000091300000|
| 172|0x0000000091400000, 0x0000000091400000, 0x0000000091500000|  0%| F|  |TS 38|AC  0|TAMS 0x0000000091400000, 0x0000000091400000|
| 173|0x0000000091500000, 0x0000000091500000, 0x0000000091600000|  0%| F|  |TS 38|AC  0|TAMS 0x0000000091500000, 0x0000000091500000|
| 174|0x0000000091600000, 0x0000000091600000, 0x0000000091700000|  0%| F|  |TS 38|AC  0|TAMS 0x0000000091600000, 0x0000000091600000|
| 175|0x0000000091700000, 0x0000000091700000, 0x0000000091800000|  0%| F|  |TS 38|AC  0|TAMS 0x0000000091700000, 0x0000000091700000|
| 176|0x0000000091800000, 0x0000000091800000, 0x0000000091900000|  0%| F|  |TS 38|AC  0|TAMS 0x0000000091800000, 0x0000000091800000|

Card table byte_map: [0x00007fcd64198000,0x00007fcd64564000] byte_map_base: 0x00007fcd63d64000

Marking Bits (Prev, Next): (CMBitMap*) 0x00007fcd6005c1b0, (CMBitMap*) 0x00007fcd6005c1e8
 Prev Bits: [0x00007fcd458f9000, 0x00007fcd47759000)
 Next Bits: [0x00007fcd261a0000, 0x00007fcd28000000)

Polling page: 0x00007fcd69838000

CodeHeap 'non-profiled nmethods': size=120032Kb used=217Kb max_used=217Kb free=119814Kb
 bounds [0x00007fcd4f5ed000, 0x00007fcd4f85d000, 0x00007fcd56b25000]
CodeHeap 'profiled nmethods': size=120028Kb used=421Kb max_used=421Kb free=119606Kb
 bounds [0x00007fcd480b6000, 0x00007fcd48326000, 0x00007fcd4f5ed000]
CodeHeap 'non-nmethods': size=5700Kb used=993Kb max_used=1016Kb free=4706Kb
 bounds [0x00007fcd47b25000, 0x00007fcd47d95000, 0x00007fcd480b6000]
 total_blobs=700 nmethods=272 adapters=179
 compilation: enabled

Compilation events (10 events):
Event: 4.678 Thread 0x00007fcd6015d000  270       3       java.util.concurrent.ConcurrentHashMap::entrySet (25 bytes)
Event: 4.678 Thread 0x00007fcd6015d000 nmethod 270 0x00007fcd4811da10 code [0x00007fcd4811dbe0, 0x00007fcd4811dfb0]
Event: 4.678 Thread 0x00007fcd6015d000  271       3       java.util.Properties$EntrySet::<init> (6 bytes)
Event: 4.678 Thread 0x00007fcd6015d000 nmethod 271 0x00007fcd4811e110 code [0x00007fcd4811e2e0, 0x00007fcd4811e550]
Event: 4.678 Thread 0x00007fcd6015d000  272       3       java.util.Properties$EntrySet::<init> (10 bytes)
Event: 4.679 Thread 0x00007fcd6015d000 nmethod 272 0x00007fcd4811e610 code [0x00007fcd4811e7c0, 0x00007fcd4811e9d0]
Event: 4.679 Thread 0x00007fcd6015d000  273       3       java.util.Collections::synchronizedSet (10 bytes)
Event: 4.679 Thread 0x00007fcd6015d000 nmethod 273 0x00007fcd4811ea90 code [0x00007fcd4811eca0, 0x00007fcd4811f2d8]
Event: 4.725 Thread 0x00007fcd60159000 nmethod 274% 0x00007fcd4f622c90 code [0x00007fcd4f622e40, 0x00007fcd4f622fe8]
Event: 4.732 Thread 0x00007fcd6015b000 nmethod 266 0x00007fcd4f623190 code [0x00007fcd4f623360, 0x00007fcd4f6234f8]

GC Heap History (10 events):
Event: 3.042 GC heap after
{Heap after GC invocations=33 (full 0):
 garbage-first heap   total 181248K, used 994K [0x0000000086800000, 0x0000000100000000)
  region size 1024K, 1 young (1024K), 1 survivors (1024K)
 Metaspace       used 4146K, capacity 4564K, committed 4864K, reserved 1056768K
  class space    used 339K, capacity 388K, committed 512K, reserved 1048576K
}
Event: 3.184 GC heap before
{Heap before GC invocations=33 (full 0):
 garbage-first heap   total 181248K, used 108514K [0x0000000086800000, 0x0000000100000000)
  region size 1024K, 106 young (108544K), 1 survivors (1024K)
 Metaspace       used 4146K, capacity 4564K, committed 4864K, reserved 1056768K
  class space    used 339K, capacity 388K, committed 512K, reserved 1048576K
}
Event: 3.185 GC heap after
{Heap after GC invocations=34 (full 0):
 garbage-first heap   total 181248K, used 929K [0x0000000086800000, 0x0000000100000000)
  region size 1024K, 1 young (1024K), 1 survivors (1024K)
 Metaspace       used 4146K, capacity 4564K, committed 4864K, reserved 1056768K
  class space    used 339K, capacity 388K, committed 512K, reserved 1048576K
}
Event: 3.277 GC heap before
{Heap before GC invocations=34 (full 0):
 garbage-first heap   total 181248K, used 108449K [0x0000000086800000, 0x0000000100000000)
  region size 1024K, 106 young (108544K), 1 survivors (1024K)
 Metaspace       used 4146K, capacity 4564K, committed 4864K, reserved 1056768K
  class space    used 339K, capacity 388K, committed 512K, reserved 1048576K
}
Event: 3.279 GC heap after
{Heap after GC invocations=35 (full 0):
 garbage-first heap   total 181248K, used 982K [0x0000000086800000, 0x0000000100000000)
  region size 1024K, 1 young (1024K), 1 survivors (1024K)
 Metaspace       used 4146K, capacity 4564K, committed 4864K, reserved 1056768K
  class space    used 339K, capacity 388K, committed 512K, reserved 1048576K
}
Event: 3.374 GC heap before
{Heap before GC invocations=35 (full 0):
 garbage-first heap   total 181248K, used 108502K [0x0000000086800000, 0x0000000100000000)
  region size 1024K, 106 young (108544K), 1 survivors (1024K)
 Metaspace       used 4146K, capacity 4564K, committed 4864K, reserved 1056768K
  class space    used 339K, capacity 388K, committed 512K, reserved 1048576K
}
Event: 3.374 GC heap after
{Heap after GC invocations=36 (full 0):
 garbage-first heap   total 181248K, used 1022K [0x0000000086800000, 0x0000000100000000)
  region size 1024K, 1 young (1024K), 1 survivors (1024K)
 Metaspace       used 4146K, capacity 4564K, committed 4864K, reserved 1056768K
  class space    used 339K, capacity 388K, committed 512K, reserved 1048576K
}
Event: 4.762 GC heap before
{Heap before GC invocations=36 (full 0):
 garbage-first heap   total 181248K, used 108542K [0x0000000086800000, 0x0000000100000000)
  region size 1024K, 106 young (108544K), 1 survivors (1024K)
 Metaspace       used 4150K, capacity 4564K, committed 4864K, reserved 1056768K
  class space    used 339K, capacity 388K, committed 512K, reserved 1048576K
}
Event: 4.783 GC heap after
{Heap after GC invocations=37 (full 0):
 garbage-first heap   total 181248K, used 1085K [0x0000000086800000, 0x0000000100000000)
  region size 1024K, 1 young (1024K), 1 survivors (1024K)
 Metaspace       used 4150K, capacity 4564K, committed 4864K, reserved 1056768K
  class space    used 339K, capacity 388K, committed 512K, reserved 1048576K
}
Event: 4.913 GC heap before
{Heap before GC invocations=37 (full 0):
 garbage-first heap   total 181248K, used 108605K [0x0000000086800000, 0x0000000100000000)
  region size 1024K, 106 young (108544K), 1 survivors (1024K)
 Metaspace       used 4150K, capacity 4564K, committed 4864K, reserved 1056768K
  class space    used 339K, capacity 388K, committed 512K, reserved 1048576K
}

Deoptimization events (9 events):
Event: 0.052 Thread 0x00007fcd60011800 Uncommon trap: reason=unstable_if action=reinterpret pc=0x00007fcd4f5f2270 method=java.lang.String.hashCode()I @ 14 c2
Event: 0.088 Thread 0x00007fcd60011800 Uncommon trap: reason=unstable_if action=reinterpret pc=0x00007fcd4f5f4e28 method=java.lang.CharacterData.of(I)Ljava/lang/CharacterData; @ 4 c2
Event: 0.090 Thread 0x00007fcd60011800 Uncommon trap: reason=unstable_if action=reinterpret pc=0x00007fcd4f5f835c method=java.lang.String.indexOf(Ljava/lang/String;)I @ 48 c2
Event: 0.220 Thread 0x00007fcd60011800 Uncommon trap: reason=unstable_if action=reinterpret pc=0x00007fcd4f6052a8 method=java.lang.StringLatin1.toLowerCase(Ljava/lang/String;[BLjava/util/Locale;)Ljava/lang/String; @ 40 c2
Event: 0.221 Thread 0x00007fcd60011800 Uncommon trap: reason=unstable_if action=reinterpret pc=0x00007fcd4f607a8c method=java.lang.StringLatin1.toLowerCase(Ljava/lang/String;[BLjava/util/Locale;)Ljava/lang/String; @ 40 c2
Event: 0.221 Thread 0x00007fcd60011800 Uncommon trap: reason=unstable_if action=reinterpret pc=0x00007fcd4f600304 method=java.lang.StringLatin1.toLowerCase(Ljava/lang/String;[BLjava/util/Locale;)Ljava/lang/String; @ 40 c2
Event: 0.221 Thread 0x00007fcd60011800 Uncommon trap: reason=unstable_if action=reinterpret pc=0x00007fcd4f5fcaf4 method=java.lang.StringLatin1.toLowerCase(Ljava/lang/String;[BLjava/util/Locale;)Ljava/lang/String; @ 40 c2
Event: 1.069 Thread 0x00007fcd60011800 Uncommon trap: reason=unstable_if action=reinterpret pc=0x00007fcd4f60341c method=java.util.concurrent.ConcurrentHashMap.get(Ljava/lang/Object;)Ljava/lang/Object; @ 51 c2
Event: 1.069 Thread 0x00007fcd60011800 Uncommon trap: reason=unstable_if action=reinterpret pc=0x00007fcd4f5f7c1c method=java.util.concurrent.ConcurrentHashMap.get(Ljava/lang/Object;)Ljava/lang/Object; @ 51 c2

Classes redefined (0 events):
No events

Internal exceptions (0 events):
No events

Events (10 events):
Event: 3.042 Executing VM operation: G1IncCollectionPause done
Event: 3.183 Executing VM operation: G1IncCollectionPause
Event: 3.185 Executing VM operation: G1IncCollectionPause done
Event: 3.277 Executing VM operation: G1IncCollectionPause
Event: 3.279 Executing VM operation: G1IncCollectionPause done
Event: 3.374 Executing VM operation: G1IncCollectionPause
Event: 3.374 Executing VM operation: G1IncCollectionPause done
Event: 4.748 Executing VM operation: G1IncCollectionPause
Event: 4.783 Executing VM operation: G1IncCollectionPause done
Event: 4.905 Executing VM operation: G1IncCollectionPause


Dynamic libraries:
86800000-91900000 rw-p 00000000 00:00 0 
a7b00000-100000000 ---p 00000000 00:00 0 
100000000-100080000 rw-p 00000000 00:00 0 
100080000-140000000 ---p 00000000 00:00 0 
559e1e365000-559e1e366000 r-xp 00000000 fd:01 12457965                   /usr/lib/jvm/java-11-openjdk-amd64/bin/java
559e1e566000-559e1e567000 r--p 00001000 fd:01 12457965                   /usr/lib/jvm/java-11-openjdk-amd64/bin/java
559e1e567000-559e1e568000 rw-p 00002000 fd:01 12457965                   /usr/lib/jvm/java-11-openjdk-amd64/bin/java
559e201ad000-559e201ce000 rw-p 00000000 00:00 0                          [heap]
7fccb8000000-7fccb8021000 rw-p 00000000 00:00 0 
7fccb8021000-7fccbc000000 ---p 00000000 00:00 0 
7fccc0000000-7fccc0021000 rw-p 00000000 00:00 0 
7fccc0021000-7fccc4000000 ---p 00000000 00:00 0 
7fccc4000000-7fccc4021000 rw-p 00000000 00:00 0 
7fccc4021000-7fccc8000000 ---p 00000000 00:00 0 
7fccc8000000-7fccc827d000 rw-p 00000000 00:00 0 
7fccc827d000-7fcccc000000 ---p 00000000 00:00 0 
7fcccc000000-7fcccc021000 rw-p 00000000 00:00 0 
7fcccc021000-7fccd0000000 ---p 00000000 00:00 0 
7fccd0000000-7fccd02fc000 rw-p 00000000 00:00 0 
7fccd02fc000-7fccd4000000 ---p 00000000 00:00 0 
7fccd4000000-7fccd42f3000 rw-p 00000000 00:00 0 
7fccd42f3000-7fccd8000000 ---p 00000000 00:00 0 
7fccd8000000-7fccd8021000 rw-p 00000000 00:00 0 
7fccd8021000-7fccdc000000 ---p 00000000 00:00 0 
7fccdc000000-7fccdc200000 rw-p 00000000 00:00 0 
7fccdc200000-7fcce0000000 ---p 00000000 00:00 0 
7fcce0000000-7fcce0021000 rw-p 00000000 00:00 0 
7fcce0021000-7fcce4000000 ---p 00000000 00:00 0 
7fcce4000000-7fcce4021000 rw-p 00000000 00:00 0 
7fcce4021000-7fcce8000000 ---p 00000000 00:00 0 
7fcce8000000-7fcce803a000 rw-p 00000000 00:00 0 
7fcce803a000-7fccec000000 ---p 00000000 00:00 0 
7fccec000000-7fccec021000 rw-p 00000000 00:00 0 
7fccec021000-7fccf0000000 ---p 00000000 00:00 0 
7fccf23ff000-7fccf2416000 r-xp 00000000 fd:01 12458130                   /usr/lib/jvm/java-11-openjdk-amd64/lib/libnet.so
7fccf2416000-7fccf2615000 ---p 00017000 fd:01 12458130                   /usr/lib/jvm/java-11-openjdk-amd64/lib/libnet.so
7fccf2615000-7fccf2616000 r--p 00016000 fd:01 12458130                   /usr/lib/jvm/java-11-openjdk-amd64/lib/libnet.so
7fccf2616000-7fccf2617000 rw-p 00017000 fd:01 12458130                   /usr/lib/jvm/java-11-openjdk-amd64/lib/libnet.so
7fccf2617000-7fccf2628000 r-xp 00000000 fd:01 12458131                   /usr/lib/jvm/java-11-openjdk-amd64/lib/libnio.so
7fccf2628000-7fccf2827000 ---p 00011000 fd:01 12458131                   /usr/lib/jvm/java-11-openjdk-amd64/lib/libnio.so
7fccf2827000-7fccf2828000 r--p 00010000 fd:01 12458131                   /usr/lib/jvm/java-11-openjdk-amd64/lib/libnio.so
7fccf2828000-7fccf2829000 rw-p 00011000 fd:01 12458131                   /usr/lib/jvm/java-11-openjdk-amd64/lib/libnio.so
7fccf2829000-7fccf282d000 ---p 00000000 00:00 0 
7fccf282d000-7fccf292a000 rw-p 00000000 00:00 0 
7fccf292a000-7fccf292b000 ---p 00000000 00:00 0 
7fccf292b000-7fccf2a2c000 rw-p 00000000 00:00 0 
7fccf2a2c000-7fccf2a30000 ---p 00000000 00:00 0 
7fccf2a30000-7fccf2b2d000 rw-p 00000000 00:00 0 
7fccf2b2d000-7fccf2b31000 ---p 00000000 00:00 0 
7fccf2b31000-7fccf2c2e000 rw-p 00000000 00:00 0 
7fccf2c2e000-7fccf2c32000 ---p 00000000 00:00 0 
7fccf2c32000-7fccf2d2f000 rw-p 00000000 00:00 0 
7fccf2d2f000-7fccf2d33000 ---p 00000000 00:00 0 
7fccf2d33000-7fccf2e30000 rw-p 00000000 00:00 0 
7fccf2e30000-7fccf3800000 r--p 00000000 fd:01 12458615                   /usr/lib/locale/locale-archive
7fccf3800000-7fccf3c40000 rw-p 00000000 00:00 0 
7fccf3c40000-7fccf4000000 ---p 00000000 00:00 0 
7fccf4000000-7fccf4021000 rw-p 00000000 00:00 0 
7fccf4021000-7fccf8000000 ---p 00000000 00:00 0 
7fccf8000000-7fccf8021000 rw-p 00000000 00:00 0 
7fccf8021000-7fccfc000000 ---p 00000000 00:00 0 
7fccfc000000-7fccfc021000 rw-p 00000000 00:00 0 
7fccfc021000-7fcd00000000 ---p 00000000 00:00 0 
7fcd00000000-7fcd00021000 rw-p 00000000 00:00 0 
7fcd00021000-7fcd04000000 ---p 00000000 00:00 0 
7fcd04000000-7fcd04021000 rw-p 00000000 00:00 0 
7fcd04021000-7fcd08000000 ---p 00000000 00:00 0 
7fcd08000000-7fcd08021000 rw-p 00000000 00:00 0 
7fcd08021000-7fcd0c000000 ---p 00000000 00:00 0 
7fcd0c000000-7fcd0c021000 rw-p 00000000 00:00 0 
7fcd0c021000-7fcd10000000 ---p 00000000 00:00 0 
7fcd10000000-7fcd10021000 rw-p 00000000 00:00 0 
7fcd10021000-7fcd14000000 ---p 00000000 00:00 0 
7fcd14000000-7fcd14021000 rw-p 00000000 00:00 0 
7fcd14021000-7fcd18000000 ---p 00000000 00:00 0 
7fcd18000000-7fcd18021000 rw-p 00000000 00:00 0 
7fcd18021000-7fcd1c000000 ---p 00000000 00:00 0 
7fcd1c000000-7fcd1c021000 rw-p 00000000 00:00 0 
7fcd1c021000-7fcd20000000 ---p 00000000 00:00 0 
7fcd20000000-7fcd20021000 rw-p 00000000 00:00 0 
7fcd20021000-7fcd24000000 ---p 00000000 00:00 0 
7fcd2409f000-7fcd240a3000 ---p 00000000 00:00 0 
7fcd240a3000-7fcd26464000 rw-p 00000000 00:00 0 
7fcd26464000-7fcd28000000 ---p 00000000 00:00 0 
7fcd28000000-7fcd28021000 rw-p 00000000 00:00 0 
7fcd28021000-7fcd2c000000 ---p 00000000 00:00 0 
7fcd2c000000-7fcd2c021000 rw-p 00000000 00:00 0 
7fcd2c021000-7fcd30000000 ---p 00000000 00:00 0 
7fcd30000000-7fcd30021000 rw-p 00000000 00:00 0 
7fcd30021000-7fcd34000000 ---p 00000000 00:00 0 
7fcd34000000-7fcd34021000 rw-p 00000000 00:00 0 
7fcd34021000-7fcd38000000 ---p 00000000 00:00 0 
7fcd38000000-7fcd38021000 rw-p 00000000 00:00 0 
7fcd38021000-7fcd3c000000 ---p 00000000 00:00 0 
7fcd3c000000-7fcd3c021000 rw-p 00000000 00:00 0 
7fcd3c021000-7fcd40000000 ---p 00000000 00:00 0 
7fcd40000000-7fcd40021000 rw-p 00000000 00:00 0 
7fcd40021000-7fcd44000000 ---p 00000000 00:00 0 
7fcd4402e000-7fcd4405f000 rw-p 00000000 00:00 0 
7fcd4405f000-7fcd44063000 ---p 00000000 00:00 0 
7fcd44063000-7fcd44160000 rw-p 00000000 00:00 0 
7fcd44160000-7fcd44164000 ---p 00000000 00:00 0 
7fcd44164000-7fcd44261000 rw-p 00000000 00:00 0 
7fcd44261000-7fcd44265000 ---p 00000000 00:00 0 
7fcd44265000-7fcd44362000 rw-p 00000000 00:00 0 
7fcd44362000-7fcd44366000 ---p 00000000 00:00 0 
7fcd44366000-7fcd44463000 rw-p 00000000 00:00 0 
7fcd44463000-7fcd44464000 ---p 00000000 00:00 0 
7fcd44464000-7fcd445db000 rw-p 00000000 00:00 0 
7fcd445db000-7fcd445dc000 ---p 00000000 00:00 0 
7fcd445dc000-7fcd446dd000 rw-p 00000000 00:00 0 
7fcd446dd000-7fcd446de000 ---p 00000000 00:00 0 
7fcd446de000-7fcd447df000 rw-p 00000000 00:00 0 
7fcd447df000-7fcd447e0000 ---p 00000000 00:00 0 
7fcd447e0000-7fcd448e1000 rw-p 00000000 00:00 0 
7fcd448e1000-7fcd448e2000 ---p 00000000 00:00 0 
7fcd448e2000-7fcd449e3000 rw-p 00000000 00:00 0 
7fcd449e3000-7fcd449e4000 ---p 00000000 00:00 0 
7fcd449e4000-7fcd44ae5000 rw-p 00000000 00:00 0 
7fcd44ae5000-7fcd44ae6000 ---p 00000000 00:00 0 
7fcd44ae6000-7fcd44be7000 rw-p 00000000 00:00 0 
7fcd44be7000-7fcd44be8000 ---p 00000000 00:00 0 
7fcd44be8000-7fcd44ce9000 rw-p 00000000 00:00 0 
7fcd44ce9000-7fcd44cea000 ---p 00000000 00:00 0 
7fcd44cea000-7fcd44deb000 rw-p 00000000 00:00 0 
7fcd44deb000-7fcd44dec000 ---p 00000000 00:00 0 
7fcd44dec000-7fcd456f5000 rw-p 00000000 00:00 0 
7fcd456f5000-7fcd456f6000 ---p 00000000 00:00 0 
7fcd456f6000-7fcd457f7000 rw-p 00000000 00:00 0 
7fcd457f7000-7fcd457f8000 ---p 00000000 00:00 0 
7fcd457f8000-7fcd45bbd000 rw-p 00000000 00:00 0 
7fcd45bbd000-7fcd47759000 ---p 00000000 00:00 0 
7fcd47759000-7fcd477b2000 rw-p 00000000 00:00 0 
7fcd477b2000-7fcd47b25000 ---p 00000000 00:00 0 
7fcd47b25000-7fcd47d95000 rwxp 00000000 00:00 0 
7fcd47d95000-7fcd480b6000 ---p 00000000 00:00 0 
7fcd480b6000-7fcd48326000 rwxp 00000000 00:00 0 
7fcd48326000-7fcd4f5ed000 ---p 00000000 00:00 0 
7fcd4f5ed000-7fcd4f85d000 rwxp 00000000 00:00 0 
7fcd4f85d000-7fcd56b25000 ---p 00000000 00:00 0 
7fcd56b25000-7fcd60000000 r--s 00000000 fd:01 12458140                   /usr/lib/jvm/java-11-openjdk-amd64/lib/modules
7fcd60000000-7fcd60238000 rw-p 00000000 00:00 0 
7fcd60238000-7fcd64000000 ---p 00000000 00:00 0 
7fcd64013000-7fcd64096000 rw-p 00000000 00:00 0 
7fcd64096000-7fcd64097000 ---p 00000000 00:00 0 
7fcd64097000-7fcd641f1000 rw-p 00000000 00:00 0 
7fcd641f1000-7fcd64564000 ---p 00000000 00:00 0 
7fcd64564000-7fcd645bd000 rw-p 00000000 00:00 0 
7fcd645bd000-7fcd64930000 ---p 00000000 00:00 0 
7fcd64930000-7fcd65138000 rw-p 00000000 00:00 0 
7fcd65138000-7fcd65139000 ---p 00000000 00:00 0 
7fcd65139000-7fcd6523a000 rw-p 00000000 00:00 0 
7fcd6523a000-7fcd6523b000 ---p 00000000 00:00 0 
7fcd6523b000-7fcd6533c000 rw-p 00000000 00:00 0 
7fcd6533c000-7fcd6533d000 ---p 00000000 00:00 0 
7fcd6533d000-7fcd6543e000 rw-p 00000000 00:00 0 
7fcd6543e000-7fcd6543f000 ---p 00000000 00:00 0 
7fcd6543f000-7fcd65540000 rw-p 00000000 00:00 0 
7fcd65540000-7fcd65541000 ---p 00000000 00:00 0 
7fcd65541000-7fcd65642000 rw-p 00000000 00:00 0 
7fcd65642000-7fcd65643000 ---p 00000000 00:00 0 
7fcd65643000-7fcd65744000 rw-p 00000000 00:00 0 
7fcd65744000-7fcd65745000 ---p 00000000 00:00 0 
7fcd65745000-7fcd65846000 rw-p 00000000 00:00 0 
7fcd65846000-7fcd65847000 ---p 00000000 00:00 0 
7fcd65847000-7fcd6594d000 rw-p 00000000 00:00 0 
7fcd6594d000-7fcd65a33000 ---p 00000000 00:00 0 
7fcd65a33000-7fcd65a38000 rw-p 00000000 00:00 0 
7fcd65a38000-7fcd65b1e000 ---p 00000000 00:00 0 
7fcd65b1e000-7fcd65b23000 r-xp 00000000 fd:01 12458122                   /usr/lib/jvm/java-11-openjdk-amd64/lib/libjimage.so
7fcd65b23000-7fcd65d22000 ---p 00005000 fd:01 12458122                   /usr/lib/jvm/java-11-openjdk-amd64/lib/libjimage.so
7fcd65d22000-7fcd65d23000 r--p 00004000 fd:01 12458122                   /usr/lib/jvm/java-11-openjdk-amd64/lib/libjimage.so
7fcd65d23000-7fcd65d24000 rw-p 00005000 fd:01 12458122                   /usr/lib/jvm/java-11-openjdk-amd64/lib/libjimage.so
7fcd65d24000-7fcd65d2b000 r-xp 00000000 fd:01 12458139                   /usr/lib/jvm/java-11-openjdk-amd64/lib/libzip.so
7fcd65d2b000-7fcd65f2a000 ---p 00007000 fd:01 12458139                   /usr/lib/jvm/java-11-openjdk-amd64/lib/libzip.so
7fcd65f2a000-7fcd65f2b000 r--p 00006000 fd:01 12458139                   /usr/lib/jvm/java-11-openjdk-amd64/lib/libzip.so
7fcd65f2b000-7fcd65f2c000 rw-p 00007000 fd:01 12458139                   /usr/lib/jvm/java-11-openjdk-amd64/lib/libzip.so
7fcd65f2c000-7fcd65f37000 r-xp 00000000 fd:01 4723447                    /lib/x86_64-linux-gnu/libnss_files-2.27.so
7fcd65f37000-7fcd66136000 ---p 0000b000 fd:01 4723447                    /lib/x86_64-linux-gnu/libnss_files-2.27.so
7fcd66136000-7fcd66137000 r--p 0000a000 fd:01 4723447                    /lib/x86_64-linux-gnu/libnss_files-2.27.so
7fcd66137000-7fcd66138000 rw-p 0000b000 fd:01 4723447                    /lib/x86_64-linux-gnu/libnss_files-2.27.so
7fcd66138000-7fcd6613e000 rw-p 00000000 00:00 0 
7fcd6613e000-7fcd66155000 r-xp 00000000 fd:01 4723441                    /lib/x86_64-linux-gnu/libnsl-2.27.so
7fcd66155000-7fcd66354000 ---p 00017000 fd:01 4723441                    /lib/x86_64-linux-gnu/libnsl-2.27.so
7fcd66354000-7fcd66355000 r--p 00016000 fd:01 4723441                    /lib/x86_64-linux-gnu/libnsl-2.27.so
7fcd66355000-7fcd66356000 rw-p 00017000 fd:01 4723441                    /lib/x86_64-linux-gnu/libnsl-2.27.so
7fcd66356000-7fcd66358000 rw-p 00000000 00:00 0 
7fcd66358000-7fcd66363000 r-xp 00000000 fd:01 4723458                    /lib/x86_64-linux-gnu/libnss_nis-2.27.so
7fcd66363000-7fcd66562000 ---p 0000b000 fd:01 4723458                    /lib/x86_64-linux-gnu/libnss_nis-2.27.so
7fcd66562000-7fcd66563000 r--p 0000a000 fd:01 4723458                    /lib/x86_64-linux-gnu/libnss_nis-2.27.so
7fcd66563000-7fcd66564000 rw-p 0000b000 fd:01 4723458                    /lib/x86_64-linux-gnu/libnss_nis-2.27.so
7fcd66564000-7fcd6656c000 r-xp 00000000 fd:01 4723443                    /lib/x86_64-linux-gnu/libnss_compat-2.27.so
7fcd6656c000-7fcd6676c000 ---p 00008000 fd:01 4723443                    /lib/x86_64-linux-gnu/libnss_compat-2.27.so
7fcd6676c000-7fcd6676d000 r--p 00008000 fd:01 4723443                    /lib/x86_64-linux-gnu/libnss_compat-2.27.so
7fcd6676d000-7fcd6676e000 rw-p 00009000 fd:01 4723443                    /lib/x86_64-linux-gnu/libnss_compat-2.27.so
7fcd6676e000-7fcd6679a000 r-xp 00000000 fd:01 12458118                   /usr/lib/jvm/java-11-openjdk-amd64/lib/libjava.so
7fcd6679a000-7fcd66999000 ---p 0002c000 fd:01 12458118                   /usr/lib/jvm/java-11-openjdk-amd64/lib/libjava.so
7fcd66999000-7fcd6699a000 r--p 0002b000 fd:01 12458118                   /usr/lib/jvm/java-11-openjdk-amd64/lib/libjava.so
7fcd6699a000-7fcd6699c000 rw-p 0002c000 fd:01 12458118                   /usr/lib/jvm/java-11-openjdk-amd64/lib/libjava.so
7fcd6699c000-7fcd669a9000 r-xp 00000000 fd:01 12458138                   /usr/lib/jvm/java-11-openjdk-amd64/lib/libverify.so
7fcd669a9000-7fcd66ba8000 ---p 0000d000 fd:01 12458138                   /usr/lib/jvm/java-11-openjdk-amd64/lib/libverify.so
7fcd66ba8000-7fcd66baa000 r--p 0000c000 fd:01 12458138                   /usr/lib/jvm/java-11-openjdk-amd64/lib/libverify.so
7fcd66baa000-7fcd66bab000 rw-p 0000e000 fd:01 12458138                   /usr/lib/jvm/java-11-openjdk-amd64/lib/libverify.so
7fcd66bab000-7fcd66bb2000 r-xp 00000000 fd:01 4723498                    /lib/x86_64-linux-gnu/librt-2.27.so
7fcd66bb2000-7fcd66db1000 ---p 00007000 fd:01 4723498                    /lib/x86_64-linux-gnu/librt-2.27.so
7fcd66db1000-7fcd66db2000 r--p 00006000 fd:01 4723498                    /lib/x86_64-linux-gnu/librt-2.27.so
7fcd66db2000-7fcd66db3000 rw-p 00007000 fd:01 4723498                    /lib/x86_64-linux-gnu/librt-2.27.so
7fcd66db3000-7fcd66dca000 r-xp 00000000 fd:01 4727795                    /lib/x86_64-linux-gnu/libgcc_s.so.1
7fcd66dca000-7fcd66fc9000 ---p 00017000 fd:01 4727795                    /lib/x86_64-linux-gnu/libgcc_s.so.1
7fcd66fc9000-7fcd66fca000 r--p 00016000 fd:01 4727795                    /lib/x86_64-linux-gnu/libgcc_s.so.1
7fcd66fca000-7fcd66fcb000 rw-p 00017000 fd:01 4727795                    /lib/x86_64-linux-gnu/libgcc_s.so.1
7fcd66fcb000-7fcd67168000 r-xp 00000000 fd:01 4723420                    /lib/x86_64-linux-gnu/libm-2.27.so
7fcd67168000-7fcd67367000 ---p 0019d000 fd:01 4723420                    /lib/x86_64-linux-gnu/libm-2.27.so
7fcd67367000-7fcd67368000 r--p 0019c000 fd:01 4723420                    /lib/x86_64-linux-gnu/libm-2.27.so
7fcd67368000-7fcd67369000 rw-p 0019d000 fd:01 4723420                    /lib/x86_64-linux-gnu/libm-2.27.so
7fcd67369000-7fcd674e2000 r-xp 00000000 fd:01 12452338                   /usr/lib/x86_64-linux-gnu/libstdc++.so.6.0.25
7fcd674e2000-7fcd676e2000 ---p 00179000 fd:01 12452338                   /usr/lib/x86_64-linux-gnu/libstdc++.so.6.0.25
7fcd676e2000-7fcd676ec000 r--p 00179000 fd:01 12452338                   /usr/lib/x86_64-linux-gnu/libstdc++.so.6.0.25
7fcd676ec000-7fcd676ee000 rw-p 00183000 fd:01 12452338                   /usr/lib/x86_64-linux-gnu/libstdc++.so.6.0.25
7fcd676ee000-7fcd676f2000 rw-p 00000000 00:00 0 
7fcd676f2000-7fcd6868f000 r-xp 00000000 fd:01 12458145                   /usr/lib/jvm/java-11-openjdk-amd64/lib/server/libjvm.so
7fcd6868f000-7fcd6888f000 ---p 00f9d000 fd:01 12458145                   /usr/lib/jvm/java-11-openjdk-amd64/lib/server/libjvm.so
7fcd6888f000-7fcd68953000 r--p 00f9d000 fd:01 12458145                   /usr/lib/jvm/java-11-openjdk-amd64/lib/server/libjvm.so
7fcd68953000-7fcd6898b000 rw-p 01061000 fd:01 12458145                   /usr/lib/jvm/java-11-openjdk-amd64/lib/server/libjvm.so
7fcd6898b000-7fcd689d4000 rw-p 00000000 00:00 0 
7fcd689d4000-7fcd689ee000 r-xp 00000000 fd:01 4723490                    /lib/x86_64-linux-gnu/libpthread-2.27.so
7fcd689ee000-7fcd68bed000 ---p 0001a000 fd:01 4723490                    /lib/x86_64-linux-gnu/libpthread-2.27.so
7fcd68bed000-7fcd68bee000 r--p 00019000 fd:01 4723490                    /lib/x86_64-linux-gnu/libpthread-2.27.so
7fcd68bee000-7fcd68bef000 rw-p 0001a000 fd:01 4723490                    /lib/x86_64-linux-gnu/libpthread-2.27.so
7fcd68bef000-7fcd68bf3000 rw-p 00000000 00:00 0 
7fcd68bf3000-7fcd68bf6000 r-xp 00000000 fd:01 4723380                    /lib/x86_64-linux-gnu/libdl-2.27.so
7fcd68bf6000-7fcd68df5000 ---p 00003000 fd:01 4723380                    /lib/x86_64-linux-gnu/libdl-2.27.so
7fcd68df5000-7fcd68df6000 r--p 00002000 fd:01 4723380                    /lib/x86_64-linux-gnu/libdl-2.27.so
7fcd68df6000-7fcd68df7000 rw-p 00003000 fd:01 4723380                    /lib/x86_64-linux-gnu/libdl-2.27.so
7fcd68df7000-7fcd68e13000 r-xp 00000000 fd:01 4723529                    /lib/x86_64-linux-gnu/libz.so.1.2.11
7fcd68e13000-7fcd69012000 ---p 0001c000 fd:01 4723529                    /lib/x86_64-linux-gnu/libz.so.1.2.11
7fcd69012000-7fcd69013000 r--p 0001b000 fd:01 4723529                    /lib/x86_64-linux-gnu/libz.so.1.2.11
7fcd69013000-7fcd69014000 rw-p 0001c000 fd:01 4723529                    /lib/x86_64-linux-gnu/libz.so.1.2.11
7fcd69014000-7fcd691fb000 r-xp 00000000 fd:01 4723357                    /lib/x86_64-linux-gnu/libc-2.27.so
7fcd691fb000-7fcd693fb000 ---p 001e7000 fd:01 4723357                    /lib/x86_64-linux-gnu/libc-2.27.so
7fcd693fb000-7fcd693ff000 r--p 001e7000 fd:01 4723357                    /lib/x86_64-linux-gnu/libc-2.27.so
7fcd693ff000-7fcd69401000 rw-p 001eb000 fd:01 4723357                    /lib/x86_64-linux-gnu/libc-2.27.so
7fcd69401000-7fcd69405000 rw-p 00000000 00:00 0 
7fcd69405000-7fcd69414000 r-xp 00000000 fd:01 12458103                   /usr/lib/jvm/java-11-openjdk-amd64/lib/jli/libjli.so
7fcd69414000-7fcd69613000 ---p 0000f000 fd:01 12458103                   /usr/lib/jvm/java-11-openjdk-amd64/lib/jli/libjli.so
7fcd69613000-7fcd69614000 r--p 0000e000 fd:01 12458103                   /usr/lib/jvm/java-11-openjdk-amd64/lib/jli/libjli.so
7fcd69614000-7fcd69615000 rw-p 0000f000 fd:01 12458103                   /usr/lib/jvm/java-11-openjdk-amd64/lib/jli/libjli.so
7fcd69615000-7fcd6963c000 r-xp 00000000 fd:01 4723329                    /lib/x86_64-linux-gnu/ld-2.27.so
7fcd69662000-7fcd6971d000 rw-p 00000000 00:00 0 
7fcd6971d000-7fcd69721000 ---p 00000000 00:00 0 
7fcd69721000-7fcd69820000 rw-p 00000000 00:00 0 
7fcd69823000-7fcd69829000 rw-p 00000000 00:00 0 
7fcd69829000-7fcd69830000 ---p 00000000 00:00 0 
7fcd69830000-7fcd69838000 rw-s 00000000 fd:01 13508767                   /tmp/hsperfdata_umar/4450
7fcd69838000-7fcd69839000 ---p 00000000 00:00 0 
7fcd69839000-7fcd6983a000 r--p 00000000 00:00 0 
7fcd6983a000-7fcd6983c000 rw-p 00000000 00:00 0 
7fcd6983c000-7fcd6983d000 r--p 00027000 fd:01 4723329                    /lib/x86_64-linux-gnu/ld-2.27.so
7fcd6983d000-7fcd6983e000 rw-p 00028000 fd:01 4723329                    /lib/x86_64-linux-gnu/ld-2.27.so
7fcd6983e000-7fcd6983f000 rw-p 00000000 00:00 0 
7ffdf9b34000-7ffdf9b55000 rw-p 00000000 00:00 0                          [stack]
7ffdf9b67000-7ffdf9b6a000 r--p 00000000 00:00 0                          [vvar]
7ffdf9b6a000-7ffdf9b6c000 r-xp 00000000 00:00 0                          [vdso]
ffffffffff600000-ffffffffff601000 r-xp 00000000 00:00 0                  [vsyscall]


VM Arguments:
java_command: main/MainPage maps3
java_class_path (initial): .
Launcher Type: SUN_STANDARD

Logging:
Log output configuration:
#0: stdout all=warning uptime,level,tags
#1: stderr all=off uptime,level,tags

Environment Variables:
PATH=/usr/local/sbin:/usr/local/bin:/usr/sbin:/usr/bin:/sbin:/bin:/usr/games:/usr/local/games:/snap/bin
USERNAME=umar
SHELL=/bin/bash
DISPLAY=:0

Signal Handlers:
SIGSEGV: [libjvm.so+0xd28b70], sa_mask[0]=11111111011111111101111111111110, sa_flags=SA_RESTART|SA_SIGINFO
SIGBUS: [libjvm.so+0xd28b70], sa_mask[0]=11111111011111111101111111111110, sa_flags=SA_RESTART|SA_SIGINFO
SIGFPE: [libjvm.so+0xd28b70], sa_mask[0]=11111111011111111101111111111110, sa_flags=SA_RESTART|SA_SIGINFO
SIGPIPE: [libjvm.so+0xb2a1f0], sa_mask[0]=11111111011111111101111111111110, sa_flags=SA_RESTART|SA_SIGINFO
SIGXFSZ: [libjvm.so+0xb2a1f0], sa_mask[0]=11111111011111111101111111111110, sa_flags=SA_RESTART|SA_SIGINFO
SIGILL: [libjvm.so+0xd28b70], sa_mask[0]=11111111011111111101111111111110, sa_flags=SA_RESTART|SA_SIGINFO
SIGUSR2: [libjvm.so+0xb2a030], sa_mask[0]=00000000000000000000000000000000, sa_flags=SA_RESTART|SA_SIGINFO
SIGHUP: [libjvm.so+0xb2a180], sa_mask[0]=11111111011111111101111111111110, sa_flags=SA_RESTART|SA_SIGINFO
SIGINT: [libjvm.so+0xb2a180], sa_mask[0]=11111111011111111101111111111110, sa_flags=SA_RESTART|SA_SIGINFO
SIGTERM: [libjvm.so+0xb2a180], sa_mask[0]=11111111011111111101111111111110, sa_flags=SA_RESTART|SA_SIGINFO
SIGQUIT: [libjvm.so+0xb2a180], sa_mask[0]=11111111011111111101111111111110, sa_flags=SA_RESTART|SA_SIGINFO


---------------  S Y S T E M  ---------------

OS:DISTRIB_ID=Ubuntu
DISTRIB_RELEASE=18.04
DISTRIB_CODENAME=bionic
DISTRIB_DESCRIPTION="Ubuntu 18.04.1 LTS"
uname:Linux 4.15.0-42-generic #45-Ubuntu SMP Thu Nov 15 19:32:57 UTC 2018 x86_64
libc:glibc 2.27 NPTL 2.27 
rlimit: STACK 8192k, CORE 0k, NPROC 65535, NOFILE 65535, AS infinity, DATA infinity, FSIZE infinity
load average:2.49 1.51 1.37

/proc/meminfo:
MemTotal:        7960660 kB
MemFree:          124444 kB
MemAvailable:      72020 kB
Buffers:            1676 kB
Cached:          1778640 kB
SwapCached:         5844 kB
Active:          5707604 kB
Inactive:        1571520 kB
Active(anon):    5684520 kB
Inactive(anon):  1544500 kB
Active(file):      23084 kB
Inactive(file):    27020 kB
Unevictable:         192 kB
Mlocked:             192 kB
SwapTotal:        999420 kB
SwapFree:              0 kB
Dirty:                24 kB
Writeback:             0 kB
AnonPages:       5494708 kB
Mapped:           361772 kB
Shmem:           1728664 kB
Slab:             287220 kB
SReclaimable:     126608 kB
SUnreclaim:       160612 kB
KernelStack:       21184 kB
PageTables:       103344 kB
NFS_Unstable:          0 kB
Bounce:                0 kB
WritebackTmp:          0 kB
CommitLimit:     4979748 kB
Committed_AS:   19839448 kB
VmallocTotal:   34359738367 kB
VmallocUsed:           0 kB
VmallocChunk:          0 kB
HardwareCorrupted:     0 kB
AnonHugePages:         0 kB
ShmemHugePages:        0 kB
ShmemPmdMapped:        0 kB
CmaTotal:              0 kB
CmaFree:               0 kB
HugePages_Total:       0
HugePages_Free:        0
HugePages_Rsvd:        0
HugePages_Surp:        0
Hugepagesize:       2048 kB
DirectMap4k:      711104 kB
DirectMap2M:     7471104 kB
DirectMap1G:           0 kB

container (cgroup) information:
container_type: cgroupv1
cpu_cpuset_cpus: 0-7
cpu_memory_nodes: 0
active_processor_count: 8
cpu_quota: -1
cpu_period: 100000
cpu_shares: -1
memory_limit_in_bytes: -1
memory_and_swap_limit_in_bytes: -2
memory_soft_limit_in_bytes: -1
memory_usage_in_bytes: 7577681920
memory_max_usage_in_bytes: 7591419904


CPU:total 8 (initial active 8) (4 cores per cpu, 2 threads per core) family 6 model 158 stepping 10, cmov, cx8, fxsr, mmx, sse, sse2, sse3, ssse3, sse4.1, sse4.2, popcnt, avx, avx2, aes, clmul, erms, 3dnowpref, lzcnt, ht, tsc, tscinvbit, bmi1, bmi2, adx, fma
CPU Model and flags from /proc/cpuinfo:
model name	: Intel(R) Core(TM) i5-8300H CPU @ 2.30GHz
flags		: fpu vme de pse tsc msr pae mce cx8 apic sep mtrr pge mca cmov pat pse36 clflush dts acpi mmx fxsr sse sse2 ss ht tm pbe syscall nx pdpe1gb rdtscp lm constant_tsc art arch_perfmon pebs bts rep_good nopl xtopology nonstop_tsc cpuid aperfmperf tsc_known_freq pni pclmulqdq dtes64 monitor ds_cpl vmx est tm2 ssse3 sdbg fma cx16 xtpr pdcm pcid sse4_1 sse4_2 x2apic movbe popcnt tsc_deadline_timer aes xsave avx f16c rdrand lahf_lm abm 3dnowprefetch cpuid_fault epb invpcid_single pti ibrs ibpb stibp tpr_shadow vnmi flexpriority ept vpid fsgsbase tsc_adjust bmi1 avx2 smep bmi2 erms invpcid mpx rdseed adx smap clflushopt intel_pt xsaveopt xsavec xgetbv1 xsaves dtherm ida arat pln pts hwp hwp_notify hwp_act_window hwp_epp

Memory: 4k page, physical 7960660k(124444k free), swap 999420k(0k free)

vm_info: OpenJDK 64-Bit Server VM (10.0.2+13-Ubuntu-1ubuntu0.18.04.4) for linux-amd64 JRE (10.0.2+13-Ubuntu-1ubuntu0.18.04.4), built on Nov 13 2018 12:53:39 by "buildd" with gcc 7.3.0

END.
