#
# There is insufficient memory for the Java Runtime Environment to continue.
# Native memory allocation (mmap) failed to map 446693376 bytes for committing reserved memory.
# Possible reasons:
#   The system is out of physical RAM or swap space
#   The process is running with CompressedOops enabled, and the Java Heap may be blocking the growth of the native heap
# Possible solutions:
#   Reduce memory load on the system
#   Increase physical memory or swap space
#   Check if swap backing store is full
#   Decrease Java heap size (-Xmx/-Xms)
#   Decrease number of Java threads
#   Decrease Java thread stack sizes (-Xss)
#   Set larger code cache with -XX:ReservedCodeCacheSize=
#   JVM is running with Unscaled Compressed Oops mode in which the Java heap is
#     placed in the first 4GB address space. The Java Heap base address is the
#     maximum limit for the native heap growth. Please use -XX:HeapBaseMinAddress
#     to set the Java Heap base and to place the Java Heap above 4GB virtual address.
# This output file may be truncated or incomplete.
#
#  Out of Memory Error (os_linux.cpp:2706), pid=4532, tid=4554
#
# JRE version: OpenJDK Runtime Environment (10.0.2+13) (build 10.0.2+13-Ubuntu-1ubuntu0.18.04.4)
# Java VM: OpenJDK 64-Bit Server VM (10.0.2+13-Ubuntu-1ubuntu0.18.04.4, mixed mode, tiered, compressed oops, g1 gc, linux-amd64)
# Core dump will be written. Default location: Core dumps may be processed with "/usr/share/apport/apport %p %s %c %d %P" (or dumping to /home/umar/softwareProjects/fruit-fly-original/core.4532)
#

---------------  S U M M A R Y ------------

Command Line: main/MainPage maps3

Host: Intel(R) Core(TM) i5-8300H CPU @ 2.30GHz, 8 cores, 7G, Ubuntu 18.04.1 LTS
Time: Mon Dec 17 04:38:36 2018 +08 elapsed time: 8 seconds (0d 0h 0m 8s)

---------------  T H R E A D  ---------------

Current thread (0x00007fe1d8136800):  VMThread "VM Thread" [stack: 0x00007fe1bc0ee000,0x00007fe1bc1ee000] [id=4554]

Stack: [0x00007fe1bc0ee000,0x00007fe1bc1ee000],  sp=0x00007fe1bc1ec0a0,  free space=1016k
Native frames: (J=compiled Java code, A=aot compiled Java code, j=interpreted, Vv=VM code, C=native code)
V  [libjvm.so+0xd27ea4]
V  [libjvm.so+0xd28a4b]
V  [libjvm.so+0x64d415]
V  [libjvm.so+0xb2d7c8]
V  [libjvm.so+0xb2601d]
V  [libjvm.so+0x7662ff]
V  [libjvm.so+0x76653e]
V  [libjvm.so+0x769500]
V  [libjvm.so+0x7efa1c]
V  [libjvm.so+0x7f06df]
V  [libjvm.so+0x7f0b59]
V  [libjvm.so+0x7162cf]
V  [libjvm.so+0x71a3ba]
V  [libjvm.so+0xd3a008]
V  [libjvm.so+0xd38871]
V  [libjvm.so+0xd35b3b]
V  [libjvm.so+0xd3715e]
V  [libjvm.so+0xd37588]
V  [libjvm.so+0xb33d40]

VM_Operation (0x00007fe1df64b3a0): G1IncCollectionPause, mode: safepoint, requested by thread 0x00007fe1d8011800


---------------  P R O C E S S  ---------------

Threads class SMR info:
_java_thread_list=0x00007fe1d821b2b0, length=11, elements={
0x00007fe1d8011800, 0x00007fe1d8140800, 0x00007fe1d8142800, 0x00007fe1d8155000,
0x00007fe1d8157000, 0x00007fe1d8159000, 0x00007fe1d815b000, 0x00007fe1d815d000,
0x00007fe1d815f000, 0x00007fe1d8213800, 0x00007fe1d8221800
}

Java Threads: ( => current thread )
  0x00007fe1d8011800 JavaThread "main" [_thread_blocked, id=4533, stack(0x00007fe1df54c000,0x00007fe1df64d000)]
  0x00007fe1d8140800 JavaThread "Reference Handler" daemon [_thread_blocked, id=4555, stack(0x00007fe19c23f000,0x00007fe19c340000)]
  0x00007fe1d8142800 JavaThread "Finalizer" daemon [_thread_blocked, id=4556, stack(0x00007fe19c13e000,0x00007fe19c23f000)]
  0x00007fe1d8155000 JavaThread "Signal Dispatcher" daemon [_thread_blocked, id=4557, stack(0x00007fe19c03d000,0x00007fe19c13e000)]
  0x00007fe1d8157000 JavaThread "C2 CompilerThread0" daemon [_thread_blocked, id=4558, stack(0x00007fe188d2f000,0x00007fe188e30000)]
  0x00007fe1d8159000 JavaThread "C2 CompilerThread1" daemon [_thread_blocked, id=4559, stack(0x00007fe188c2e000,0x00007fe188d2f000)]
  0x00007fe1d815b000 JavaThread "C2 CompilerThread2" daemon [_thread_blocked, id=4560, stack(0x00007fe188b2d000,0x00007fe188c2e000)]
  0x00007fe1d815d000 JavaThread "C1 CompilerThread3" daemon [_thread_blocked, id=4561, stack(0x00007fe188a2c000,0x00007fe188b2d000)]
  0x00007fe1d815f000 JavaThread "Sweeper thread" daemon [_thread_blocked, id=4562, stack(0x00007fe18892b000,0x00007fe188a2c000)]
  0x00007fe1d8213800 JavaThread "Service Thread" daemon [_thread_blocked, id=4563, stack(0x00007fe18882a000,0x00007fe18892b000)]
  0x00007fe1d8221800 JavaThread "Common-Cleaner" daemon [_thread_blocked, id=4565, stack(0x00007fe188627000,0x00007fe188728000)]

Other Threads:
=>0x00007fe1d8136800 VMThread "VM Thread" [stack: 0x00007fe1bc0ee000,0x00007fe1bc1ee000] [id=4554]
  0x00007fe1d8215800 WatcherThread [stack: 0x00007fe18872a000,0x00007fe18882a000] [id=4564]
  0x00007fe1d8028000 GCTaskThread "GC Thread#0" [stack: 0x00007fe1bf100000,0x00007fe1bf200000] [id=4534]
  0x00007fe1d8029800 GCTaskThread "GC Thread#1" [stack: 0x00007fe1beffe000,0x00007fe1bf0fe000] [id=4535]
  0x00007fe1d802b800 GCTaskThread "GC Thread#2" [stack: 0x00007fe1beefc000,0x00007fe1beffc000] [id=4536]
  0x00007fe1d802d000 GCTaskThread "GC Thread#3" [stack: 0x00007fe1bedfa000,0x00007fe1beefa000] [id=4537]
  0x00007fe1d802f000 GCTaskThread "GC Thread#4" [stack: 0x00007fe1becf8000,0x00007fe1bedf8000] [id=4538]
  0x00007fe1d8030800 GCTaskThread "GC Thread#5" [stack: 0x00007fe1bebf6000,0x00007fe1becf6000] [id=4539]
  0x00007fe1d8032000 GCTaskThread "GC Thread#6" [stack: 0x00007fe1beaf4000,0x00007fe1bebf4000] [id=4540]
  0x00007fe1d8034000 GCTaskThread "GC Thread#7" [stack: 0x00007fe1be9f2000,0x00007fe1beaf2000] [id=4541]
  0x00007fe1d805d000 ConcurrentGCThread "G1 Main Marker" [stack: 0x00007fe1bd584000,0x00007fe1bd684000] [id=4542]
  0x00007fe1d805e800 ConcurrentGCThread "G1 Conc#0" [stack: 0x00007fe1bd482000,0x00007fe1bd582000] [id=4543]
  0x00007fe1d8060800 ConcurrentGCThread "G1 Conc#1" [stack: 0x00007fe1bd380000,0x00007fe1bd480000] [id=4544]
  0x00007fe1d80c7000 ConcurrentGCThread "G1 Refine#0" [stack: 0x00007fe1bca76000,0x00007fe1bcb76000] [id=4545]
  0x00007fe1d80c9000 ConcurrentGCThread "G1 Refine#1" [stack: 0x00007fe1bc974000,0x00007fe1bca74000] [id=4546]
  0x00007fe1d80ca800 ConcurrentGCThread "G1 Refine#2" [stack: 0x00007fe1bc872000,0x00007fe1bc972000] [id=4547]
  0x00007fe1d80cc800 ConcurrentGCThread "G1 Refine#3" [stack: 0x00007fe1bc770000,0x00007fe1bc870000] [id=4548]
  0x00007fe1d80ce000 ConcurrentGCThread "G1 Refine#4" [stack: 0x00007fe1bc66e000,0x00007fe1bc76e000] [id=4549]
  0x00007fe1d80d0000 ConcurrentGCThread "G1 Refine#5" [stack: 0x00007fe1bc56c000,0x00007fe1bc66c000] [id=4550]
  0x00007fe1d80d1800 ConcurrentGCThread "G1 Refine#6" [stack: 0x00007fe1bc46a000,0x00007fe1bc56a000] [id=4551]
  0x00007fe1d80d3800 ConcurrentGCThread "G1 Refine#7" [stack: 0x00007fe1bc368000,0x00007fe1bc468000] [id=4552]
  0x00007fe1d80d5000 ConcurrentGCThread "G1 Young RemSet Sampling" [stack: 0x00007fe1bc266000,0x00007fe1bc366000] [id=4553]

Threads with active compile tasks:
C2 CompilerThread1 270 %     4       java.util.ArrayList::indexOf @ 36 (67 bytes)
C1 CompilerThread3 265       3       java.util.Properties::entrySet (20 bytes)

VM state:at safepoint (normal execution)

VM Mutex/Monitor currently owned by a thread:  ([mutex/lock_event])
[0x00007fe1d800da20] Threads_lock - owner thread: 0x00007fe1d8136800
[0x00007fe1d800dfc0] Heap_lock - owner thread: 0x00007fe1d8011800

Heap address: 0x0000000086800000, size: 1944 MB, Compressed Oops mode: 32-bit
Narrow klass base: 0x0000000000000000, Narrow klass shift: 3
Compressed class space size: 1073741824 Address: 0x0000000100000000

Heap:
 garbage-first heap   total 654336K, used 1027K [0x0000000086800000, 0x0000000100000000)
  region size 1024K, 1 young (1024K), 1 survivors (1024K)
 Metaspace       used 4145K, capacity 4564K, committed 4864K, reserved 1056768K
  class space    used 339K, capacity 388K, committed 512K, reserved 1048576K
Heap Regions: E=young(eden), S=young(survivor), O=old, HS=humongous(starts), HC=humongous(continues), CS=collection set, F=free, A=archive, TS=gc time stamp, AC=allocation context, TAMS=top-at-mark-start (previous, next)
|   0|0x0000000086800000, 0x00000000868d1e00, 0x0000000086900000| 81%| O|  |TS 58|AC  0|TAMS 0x0000000086800000, 0x0000000086800000|
|   1|0x0000000086900000, 0x0000000086900000, 0x0000000086a00000|  0%| F|  |TS  0|AC  0|TAMS 0x0000000086900000, 0x0000000086900000|
|   2|0x0000000086a00000, 0x0000000086a00000, 0x0000000086b00000|  0%| F|  |TS  0|AC  0|TAMS 0x0000000086a00000, 0x0000000086a00000|
|   3|0x0000000086b00000, 0x0000000086b00000, 0x0000000086c00000|  0%| F|  |TS  0|AC  0|TAMS 0x0000000086b00000, 0x0000000086b00000|
|   4|0x0000000086c00000, 0x0000000086c00000, 0x0000000086d00000|  0%| F|  |TS  0|AC  0|TAMS 0x0000000086c00000, 0x0000000086c00000|
|   5|0x0000000086d00000, 0x0000000086d00000, 0x0000000086e00000|  0%| F|  |TS  0|AC  0|TAMS 0x0000000086d00000, 0x0000000086d00000|
|   6|0x0000000086e00000, 0x0000000086e00000, 0x0000000086f00000|  0%| F|  |TS  0|AC  0|TAMS 0x0000000086e00000, 0x0000000086e00000|
|   7|0x0000000086f00000, 0x0000000086f00000, 0x0000000087000000|  0%| F|  |TS  0|AC  0|TAMS 0x0000000086f00000, 0x0000000086f00000|
|   8|0x0000000087000000, 0x0000000087000000, 0x0000000087100000|  0%| F|  |TS  0|AC  0|TAMS 0x0000000087000000, 0x0000000087000000|
|   9|0x0000000087100000, 0x0000000087100000, 0x0000000087200000|  0%| F|  |TS  0|AC  0|TAMS 0x0000000087100000, 0x0000000087100000|
|  10|0x0000000087200000, 0x0000000087200000, 0x0000000087300000|  0%| F|  |TS  0|AC  0|TAMS 0x0000000087200000, 0x0000000087200000|
|  11|0x0000000087300000, 0x0000000087300000, 0x0000000087400000|  0%| F|  |TS  0|AC  0|TAMS 0x0000000087300000, 0x0000000087300000|
|  12|0x0000000087400000, 0x0000000087400000, 0x0000000087500000|  0%| F|  |TS  0|AC  0|TAMS 0x0000000087400000, 0x0000000087400000|
|  13|0x0000000087500000, 0x0000000087500000, 0x0000000087600000|  0%| F|  |TS  0|AC  0|TAMS 0x0000000087500000, 0x0000000087500000|
|  14|0x0000000087600000, 0x0000000087600000, 0x0000000087700000|  0%| F|  |TS  0|AC  0|TAMS 0x0000000087600000, 0x0000000087600000|
|  15|0x0000000087700000, 0x0000000087700000, 0x0000000087800000|  0%| F|  |TS  0|AC  0|TAMS 0x0000000087700000, 0x0000000087700000|
|  16|0x0000000087800000, 0x0000000087800000, 0x0000000087900000|  0%| F|  |TS  0|AC  0|TAMS 0x0000000087800000, 0x0000000087800000|
|  17|0x0000000087900000, 0x0000000087900000, 0x0000000087a00000|  0%| F|  |TS  0|AC  0|TAMS 0x0000000087900000, 0x0000000087900000|
|  18|0x0000000087a00000, 0x0000000087a00000, 0x0000000087b00000|  0%| F|  |TS  0|AC  0|TAMS 0x0000000087a00000, 0x0000000087a00000|
|  19|0x0000000087b00000, 0x0000000087b00000, 0x0000000087c00000|  0%| F|  |TS  0|AC  0|TAMS 0x0000000087b00000, 0x0000000087b00000|
|  20|0x0000000087c00000, 0x0000000087c00000, 0x0000000087d00000|  0%| F|  |TS  0|AC  0|TAMS 0x0000000087c00000, 0x0000000087c00000|
|  21|0x0000000087d00000, 0x0000000087d00000, 0x0000000087e00000|  0%| F|  |TS  0|AC  0|TAMS 0x0000000087d00000, 0x0000000087d00000|
|  22|0x0000000087e00000, 0x0000000087e00000, 0x0000000087f00000|  0%| F|  |TS  0|AC  0|TAMS 0x0000000087e00000, 0x0000000087e00000|
|  23|0x0000000087f00000, 0x0000000087f00000, 0x0000000088000000|  0%| F|  |TS  0|AC  0|TAMS 0x0000000087f00000, 0x0000000087f00000|
|  24|0x0000000088000000, 0x0000000088000000, 0x0000000088100000|  0%| F|  |TS  0|AC  0|TAMS 0x0000000088000000, 0x0000000088000000|
|  25|0x0000000088100000, 0x0000000088100000, 0x0000000088200000|  0%| F|  |TS  0|AC  0|TAMS 0x0000000088100000, 0x0000000088100000|
|  26|0x0000000088200000, 0x0000000088200000, 0x0000000088300000|  0%| F|  |TS  0|AC  0|TAMS 0x0000000088200000, 0x0000000088200000|
|  27|0x0000000088300000, 0x0000000088300000, 0x0000000088400000|  0%| F|  |TS  0|AC  0|TAMS 0x0000000088300000, 0x0000000088300000|
|  28|0x0000000088400000, 0x0000000088400000, 0x0000000088500000|  0%| F|  |TS  0|AC  0|TAMS 0x0000000088400000, 0x0000000088400000|
|  29|0x0000000088500000, 0x0000000088500000, 0x0000000088600000|  0%| F|  |TS  0|AC  0|TAMS 0x0000000088500000, 0x0000000088500000|
|  30|0x0000000088600000, 0x0000000088600000, 0x0000000088700000|  0%| F|  |TS  0|AC  0|TAMS 0x0000000088600000, 0x0000000088600000|
|  31|0x0000000088700000, 0x0000000088700000, 0x0000000088800000|  0%| F|  |TS  0|AC  0|TAMS 0x0000000088700000, 0x0000000088700000|
|  32|0x0000000088800000, 0x0000000088800000, 0x0000000088900000|  0%| F|  |TS  0|AC  0|TAMS 0x0000000088800000, 0x0000000088800000|
|  33|0x0000000088900000, 0x0000000088900000, 0x0000000088a00000|  0%| F|  |TS  0|AC  0|TAMS 0x0000000088900000, 0x0000000088900000|
|  34|0x0000000088a00000, 0x0000000088a00000, 0x0000000088b00000|  0%| F|  |TS  0|AC  0|TAMS 0x0000000088a00000, 0x0000000088a00000|
|  35|0x0000000088b00000, 0x0000000088b00000, 0x0000000088c00000|  0%| F|  |TS  0|AC  0|TAMS 0x0000000088b00000, 0x0000000088b00000|
|  36|0x0000000088c00000, 0x0000000088c00000, 0x0000000088d00000|  0%| F|  |TS  0|AC  0|TAMS 0x0000000088c00000, 0x0000000088c00000|
|  37|0x0000000088d00000, 0x0000000088d00000, 0x0000000088e00000|  0%| F|  |TS  0|AC  0|TAMS 0x0000000088d00000, 0x0000000088d00000|
|  38|0x0000000088e00000, 0x0000000088e00000, 0x0000000088f00000|  0%| F|  |TS  0|AC  0|TAMS 0x0000000088e00000, 0x0000000088e00000|
|  39|0x0000000088f00000, 0x0000000088f00000, 0x0000000089000000|  0%| F|  |TS  0|AC  0|TAMS 0x0000000088f00000, 0x0000000088f00000|
|  40|0x0000000089000000, 0x0000000089000000, 0x0000000089100000|  0%| F|  |TS  0|AC  0|TAMS 0x0000000089000000, 0x0000000089000000|
|  41|0x0000000089100000, 0x0000000089100000, 0x0000000089200000|  0%| F|  |TS  0|AC  0|TAMS 0x0000000089100000, 0x0000000089100000|
|  42|0x0000000089200000, 0x0000000089200000, 0x0000000089300000|  0%| F|  |TS  0|AC  0|TAMS 0x0000000089200000, 0x0000000089200000|
|  43|0x0000000089300000, 0x0000000089300000, 0x0000000089400000|  0%| F|  |TS  0|AC  0|TAMS 0x0000000089300000, 0x0000000089300000|
|  44|0x0000000089400000, 0x0000000089400000, 0x0000000089500000|  0%| F|  |TS  0|AC  0|TAMS 0x0000000089400000, 0x0000000089400000|
|  45|0x0000000089500000, 0x0000000089500000, 0x0000000089600000|  0%| F|  |TS  0|AC  0|TAMS 0x0000000089500000, 0x0000000089500000|
|  46|0x0000000089600000, 0x0000000089600000, 0x0000000089700000|  0%| F|  |TS  0|AC  0|TAMS 0x0000000089600000, 0x0000000089600000|
|  47|0x0000000089700000, 0x0000000089700000, 0x0000000089800000|  0%| F|  |TS  0|AC  0|TAMS 0x0000000089700000, 0x0000000089700000|
|  48|0x0000000089800000, 0x0000000089800000, 0x0000000089900000|  0%| F|  |TS  9|AC  0|TAMS 0x0000000089800000, 0x0000000089800000|
|  49|0x0000000089900000, 0x0000000089900000, 0x0000000089a00000|  0%| F|  |TS  8|AC  0|TAMS 0x0000000089900000, 0x0000000089900000|
|  50|0x0000000089a00000, 0x0000000089a00000, 0x0000000089b00000|  0%| F|  |TS  8|AC  0|TAMS 0x0000000089a00000, 0x0000000089a00000|
|  51|0x0000000089b00000, 0x0000000089b00000, 0x0000000089c00000|  0%| F|  |TS  8|AC  0|TAMS 0x0000000089b00000, 0x0000000089b00000|
|  52|0x0000000089c00000, 0x0000000089c00000, 0x0000000089d00000|  0%| F|  |TS  8|AC  0|TAMS 0x0000000089c00000, 0x0000000089c00000|
|  53|0x0000000089d00000, 0x0000000089d00000, 0x0000000089e00000|  0%| F|  |TS  8|AC  0|TAMS 0x0000000089d00000, 0x0000000089d00000|
|  54|0x0000000089e00000, 0x0000000089e00000, 0x0000000089f00000|  0%| F|  |TS  8|AC  0|TAMS 0x0000000089e00000, 0x0000000089e00000|
|  55|0x0000000089f00000, 0x0000000089f00000, 0x000000008a000000|  0%| F|  |TS  8|AC  0|TAMS 0x0000000089f00000, 0x0000000089f00000|
|  56|0x000000008a000000, 0x000000008a000000, 0x000000008a100000|  0%| F|  |TS  8|AC  0|TAMS 0x000000008a000000, 0x000000008a000000|
|  57|0x000000008a100000, 0x000000008a100000, 0x000000008a200000|  0%| F|  |TS  8|AC  0|TAMS 0x000000008a100000, 0x000000008a100000|
|  58|0x000000008a200000, 0x000000008a200000, 0x000000008a300000|  0%| F|  |TS 19|AC  0|TAMS 0x000000008a200000, 0x000000008a200000|
|  59|0x000000008a300000, 0x000000008a300000, 0x000000008a400000|  0%| F|  |TS 20|AC  0|TAMS 0x000000008a300000, 0x000000008a300000|
|  60|0x000000008a400000, 0x000000008a400000, 0x000000008a500000|  0%| F|  |TS 19|AC  0|TAMS 0x000000008a400000, 0x000000008a400000|
|  61|0x000000008a500000, 0x000000008a500000, 0x000000008a600000|  0%| F|  |TS 19|AC  0|TAMS 0x000000008a500000, 0x000000008a500000|
|  62|0x000000008a600000, 0x000000008a600000, 0x000000008a700000|  0%| F|  |TS 19|AC  0|TAMS 0x000000008a600000, 0x000000008a600000|
|  63|0x000000008a700000, 0x000000008a700000, 0x000000008a800000|  0%| F|  |TS 19|AC  0|TAMS 0x000000008a700000, 0x000000008a700000|
|  64|0x000000008a800000, 0x000000008a800000, 0x000000008a900000|  0%| F|  |TS 19|AC  0|TAMS 0x000000008a800000, 0x000000008a800000|
|  65|0x000000008a900000, 0x000000008a900000, 0x000000008aa00000|  0%| F|  |TS 19|AC  0|TAMS 0x000000008a900000, 0x000000008a900000|
|  66|0x000000008aa00000, 0x000000008aa00000, 0x000000008ab00000|  0%| F|  |TS 19|AC  0|TAMS 0x000000008aa00000, 0x000000008aa00000|
|  67|0x000000008ab00000, 0x000000008ab00000, 0x000000008ac00000|  0%| F|  |TS 19|AC  0|TAMS 0x000000008ab00000, 0x000000008ab00000|
|  68|0x000000008ac00000, 0x000000008ac00000, 0x000000008ad00000|  0%| F|  |TS 19|AC  0|TAMS 0x000000008ac00000, 0x000000008ac00000|
|  69|0x000000008ad00000, 0x000000008ad00000, 0x000000008ae00000|  0%| F|  |TS 19|AC  0|TAMS 0x000000008ad00000, 0x000000008ad00000|
|  70|0x000000008ae00000, 0x000000008ae00000, 0x000000008af00000|  0%| F|  |TS 54|AC  0|TAMS 0x000000008ae00000, 0x000000008ae00000|
|  71|0x000000008af00000, 0x000000008af00000, 0x000000008b000000|  0%| F|  |TS 55|AC  0|TAMS 0x000000008af00000, 0x000000008af00000|
|  72|0x000000008b000000, 0x000000008b000000, 0x000000008b100000|  0%| F|  |TS 54|AC  0|TAMS 0x000000008b000000, 0x000000008b000000|
|  73|0x000000008b100000, 0x000000008b100000, 0x000000008b200000|  0%| F|  |TS 54|AC  0|TAMS 0x000000008b100000, 0x000000008b100000|
|  74|0x000000008b200000, 0x000000008b200000, 0x000000008b300000|  0%| F|  |TS 54|AC  0|TAMS 0x000000008b200000, 0x000000008b200000|
|  75|0x000000008b300000, 0x000000008b300000, 0x000000008b400000|  0%| F|  |TS 54|AC  0|TAMS 0x000000008b300000, 0x000000008b300000|
|  76|0x000000008b400000, 0x000000008b400000, 0x000000008b500000|  0%| F|  |TS 54|AC  0|TAMS 0x000000008b400000, 0x000000008b400000|
|  77|0x000000008b500000, 0x000000008b500000, 0x000000008b600000|  0%| F|  |TS 54|AC  0|TAMS 0x000000008b500000, 0x000000008b500000|
|  78|0x000000008b600000, 0x000000008b600000, 0x000000008b700000|  0%| F|  |TS 54|AC  0|TAMS 0x000000008b600000, 0x000000008b600000|
|  79|0x000000008b700000, 0x000000008b700000, 0x000000008b800000|  0%| F|  |TS 54|AC  0|TAMS 0x000000008b700000, 0x000000008b700000|
|  80|0x000000008b800000, 0x000000008b800000, 0x000000008b900000|  0%| F|  |TS 54|AC  0|TAMS 0x000000008b800000, 0x000000008b800000|
|  81|0x000000008b900000, 0x000000008b900000, 0x000000008ba00000|  0%| F|  |TS 54|AC  0|TAMS 0x000000008b900000, 0x000000008b900000|
|  82|0x000000008ba00000, 0x000000008ba00000, 0x000000008bb00000|  0%| F|  |TS 54|AC  0|TAMS 0x000000008ba00000, 0x000000008ba00000|
|  83|0x000000008bb00000, 0x000000008bb00000, 0x000000008bc00000|  0%| F|  |TS 54|AC  0|TAMS 0x000000008bb00000, 0x000000008bb00000|
|  84|0x000000008bc00000, 0x000000008bc00000, 0x000000008bd00000|  0%| F|  |TS 54|AC  0|TAMS 0x000000008bc00000, 0x000000008bc00000|
|  85|0x000000008bd00000, 0x000000008bd2f160, 0x000000008be00000| 18%| S|CS|TS 58|AC  0|TAMS 0x000000008bd00000, 0x000000008bd00000|
|  86|0x000000008be00000, 0x000000008be00000, 0x000000008bf00000|  0%| F|  |TS 58|AC  0|TAMS 0x000000008be00000, 0x000000008be00000|
|  87|0x000000008bf00000, 0x000000008bf00000, 0x000000008c000000|  0%| F|  |TS 58|AC  0|TAMS 0x000000008bf00000, 0x000000008bf00000|
|  88|0x000000008c000000, 0x000000008c000000, 0x000000008c100000|  0%| F|  |TS 58|AC  0|TAMS 0x000000008c000000, 0x000000008c000000|
|  89|0x000000008c100000, 0x000000008c100000, 0x000000008c200000|  0%| F|  |TS 58|AC  0|TAMS 0x000000008c100000, 0x000000008c100000|
|  90|0x000000008c200000, 0x000000008c200000, 0x000000008c300000|  0%| F|  |TS 58|AC  0|TAMS 0x000000008c200000, 0x000000008c200000|
|  91|0x000000008c300000, 0x000000008c300000, 0x000000008c400000|  0%| F|  |TS 58|AC  0|TAMS 0x000000008c300000, 0x000000008c300000|
|  92|0x000000008c400000, 0x000000008c400000, 0x000000008c500000|  0%| F|  |TS 58|AC  0|TAMS 0x000000008c400000, 0x000000008c400000|
|  93|0x000000008c500000, 0x000000008c500000, 0x000000008c600000|  0%| F|  |TS 58|AC  0|TAMS 0x000000008c500000, 0x000000008c500000|
|  94|0x000000008c600000, 0x000000008c600000, 0x000000008c700000|  0%| F|  |TS 58|AC  0|TAMS 0x000000008c600000, 0x000000008c600000|
|  95|0x000000008c700000, 0x000000008c700000, 0x000000008c800000|  0%| F|  |TS 58|AC  0|TAMS 0x000000008c700000, 0x000000008c700000|
|  96|0x000000008c800000, 0x000000008c800000, 0x000000008c900000|  0%| F|  |TS 58|AC  0|TAMS 0x000000008c800000, 0x000000008c800000|
|  97|0x000000008c900000, 0x000000008c900000, 0x000000008ca00000|  0%| F|  |TS 58|AC  0|TAMS 0x000000008c900000, 0x000000008c900000|
|  98|0x000000008ca00000, 0x000000008ca00000, 0x000000008cb00000|  0%| F|  |TS 58|AC  0|TAMS 0x000000008ca00000, 0x000000008ca00000|
|  99|0x000000008cb00000, 0x000000008cb00000, 0x000000008cc00000|  0%| F|  |TS 58|AC  0|TAMS 0x000000008cb00000, 0x000000008cb00000|
| 100|0x000000008cc00000, 0x000000008cc00000, 0x000000008cd00000|  0%| F|  |TS 58|AC  0|TAMS 0x000000008cc00000, 0x000000008cc00000|
| 101|0x000000008cd00000, 0x000000008cd00000, 0x000000008ce00000|  0%| F|  |TS 58|AC  0|TAMS 0x000000008cd00000, 0x000000008cd00000|
| 102|0x000000008ce00000, 0x000000008ce00000, 0x000000008cf00000|  0%| F|  |TS 58|AC  0|TAMS 0x000000008ce00000, 0x000000008ce00000|
| 103|0x000000008cf00000, 0x000000008cf00000, 0x000000008d000000|  0%| F|  |TS 58|AC  0|TAMS 0x000000008cf00000, 0x000000008cf00000|
| 104|0x000000008d000000, 0x000000008d000000, 0x000000008d100000|  0%| F|  |TS 58|AC  0|TAMS 0x000000008d000000, 0x000000008d000000|
| 105|0x000000008d100000, 0x000000008d100000, 0x000000008d200000|  0%| F|  |TS 58|AC  0|TAMS 0x000000008d100000, 0x000000008d100000|
| 106|0x000000008d200000, 0x000000008d200000, 0x000000008d300000|  0%| F|  |TS 58|AC  0|TAMS 0x000000008d200000, 0x000000008d200000|
| 107|0x000000008d300000, 0x000000008d300000, 0x000000008d400000|  0%| F|  |TS 58|AC  0|TAMS 0x000000008d300000, 0x000000008d300000|
| 108|0x000000008d400000, 0x000000008d400000, 0x000000008d500000|  0%| F|  |TS 58|AC  0|TAMS 0x000000008d400000, 0x000000008d400000|
| 109|0x000000008d500000, 0x000000008d500000, 0x000000008d600000|  0%| F|  |TS 58|AC  0|TAMS 0x000000008d500000, 0x000000008d500000|
| 110|0x000000008d600000, 0x000000008d600000, 0x000000008d700000|  0%| F|  |TS 58|AC  0|TAMS 0x000000008d600000, 0x000000008d600000|
| 111|0x000000008d700000, 0x000000008d700000, 0x000000008d800000|  0%| F|  |TS 58|AC  0|TAMS 0x000000008d700000, 0x000000008d700000|
| 112|0x000000008d800000, 0x000000008d800000, 0x000000008d900000|  0%| F|  |TS 58|AC  0|TAMS 0x000000008d800000, 0x000000008d800000|
| 113|0x000000008d900000, 0x000000008d900000, 0x000000008da00000|  0%| F|  |TS 58|AC  0|TAMS 0x000000008d900000, 0x000000008d900000|
| 114|0x000000008da00000, 0x000000008da00000, 0x000000008db00000|  0%| F|  |TS 58|AC  0|TAMS 0x000000008da00000, 0x000000008da00000|
| 115|0x000000008db00000, 0x000000008db00000, 0x000000008dc00000|  0%| F|  |TS 58|AC  0|TAMS 0x000000008db00000, 0x000000008db00000|
| 116|0x000000008dc00000, 0x000000008dc00000, 0x000000008dd00000|  0%| F|  |TS 58|AC  0|TAMS 0x000000008dc00000, 0x000000008dc00000|
| 117|0x000000008dd00000, 0x000000008dd00000, 0x000000008de00000|  0%| F|  |TS 58|AC  0|TAMS 0x000000008dd00000, 0x000000008dd00000|
| 118|0x000000008de00000, 0x000000008de00000, 0x000000008df00000|  0%| F|  |TS 58|AC  0|TAMS 0x000000008de00000, 0x000000008de00000|
| 119|0x000000008df00000, 0x000000008df00000, 0x000000008e000000|  0%| F|  |TS 58|AC  0|TAMS 0x000000008df00000, 0x000000008df00000|
| 120|0x000000008e000000, 0x000000008e000000, 0x000000008e100000|  0%| F|  |TS 58|AC  0|TAMS 0x000000008e000000, 0x000000008e000000|
| 121|0x000000008e100000, 0x000000008e100000, 0x000000008e200000|  0%| F|  |TS 58|AC  0|TAMS 0x000000008e100000, 0x000000008e100000|
| 122|0x000000008e200000, 0x000000008e200000, 0x000000008e300000|  0%| F|  |TS 58|AC  0|TAMS 0x000000008e200000, 0x000000008e200000|
| 123|0x000000008e300000, 0x000000008e300000, 0x000000008e400000|  0%| F|  |TS 58|AC  0|TAMS 0x000000008e300000, 0x000000008e300000|
| 124|0x000000008e400000, 0x000000008e400000, 0x000000008e500000|  0%| F|  |TS 58|AC  0|TAMS 0x000000008e400000, 0x000000008e400000|
| 125|0x000000008e500000, 0x000000008e500000, 0x000000008e600000|  0%| F|  |TS 58|AC  0|TAMS 0x000000008e500000, 0x000000008e500000|
| 126|0x000000008e600000, 0x000000008e600000, 0x000000008e700000|  0%| F|  |TS 58|AC  0|TAMS 0x000000008e600000, 0x000000008e600000|
| 127|0x000000008e700000, 0x000000008e700000, 0x000000008e800000|  0%| F|  |TS 58|AC  0|TAMS 0x000000008e700000, 0x000000008e700000|
| 128|0x000000008e800000, 0x000000008e800000, 0x000000008e900000|  0%| F|  |TS 58|AC  0|TAMS 0x000000008e800000, 0x000000008e800000|
| 129|0x000000008e900000, 0x000000008e900000, 0x000000008ea00000|  0%| F|  |TS 58|AC  0|TAMS 0x000000008e900000, 0x000000008e900000|
| 130|0x000000008ea00000, 0x000000008ea00000, 0x000000008eb00000|  0%| F|  |TS 58|AC  0|TAMS 0x000000008ea00000, 0x000000008ea00000|
| 131|0x000000008eb00000, 0x000000008eb00000, 0x000000008ec00000|  0%| F|  |TS 58|AC  0|TAMS 0x000000008eb00000, 0x000000008eb00000|
| 132|0x000000008ec00000, 0x000000008ec00000, 0x000000008ed00000|  0%| F|  |TS 58|AC  0|TAMS 0x000000008ec00000, 0x000000008ec00000|
| 133|0x000000008ed00000, 0x000000008ed00000, 0x000000008ee00000|  0%| F|  |TS 58|AC  0|TAMS 0x000000008ed00000, 0x000000008ed00000|
| 134|0x000000008ee00000, 0x000000008ee00000, 0x000000008ef00000|  0%| F|  |TS 58|AC  0|TAMS 0x000000008ee00000, 0x000000008ee00000|
| 135|0x000000008ef00000, 0x000000008ef00000, 0x000000008f000000|  0%| F|  |TS 58|AC  0|TAMS 0x000000008ef00000, 0x000000008ef00000|
| 136|0x000000008f000000, 0x000000008f000000, 0x000000008f100000|  0%| F|  |TS 58|AC  0|TAMS 0x000000008f000000, 0x000000008f000000|
| 137|0x000000008f100000, 0x000000008f100000, 0x000000008f200000|  0%| F|  |TS 58|AC  0|TAMS 0x000000008f100000, 0x000000008f100000|
| 138|0x000000008f200000, 0x000000008f200000, 0x000000008f300000|  0%| F|  |TS 58|AC  0|TAMS 0x000000008f200000, 0x000000008f200000|
| 139|0x000000008f300000, 0x000000008f300000, 0x000000008f400000|  0%| F|  |TS 58|AC  0|TAMS 0x000000008f300000, 0x000000008f300000|
| 140|0x000000008f400000, 0x000000008f400000, 0x000000008f500000|  0%| F|  |TS 58|AC  0|TAMS 0x000000008f400000, 0x000000008f400000|
| 141|0x000000008f500000, 0x000000008f500000, 0x000000008f600000|  0%| F|  |TS 58|AC  0|TAMS 0x000000008f500000, 0x000000008f500000|
| 142|0x000000008f600000, 0x000000008f600000, 0x000000008f700000|  0%| F|  |TS 58|AC  0|TAMS 0x000000008f600000, 0x000000008f600000|
| 143|0x000000008f700000, 0x000000008f700000, 0x000000008f800000|  0%| F|  |TS 58|AC  0|TAMS 0x000000008f700000, 0x000000008f700000|
| 144|0x000000008f800000, 0x000000008f800000, 0x000000008f900000|  0%| F|  |TS 58|AC  0|TAMS 0x000000008f800000, 0x000000008f800000|
| 145|0x000000008f900000, 0x000000008f900000, 0x000000008fa00000|  0%| F|  |TS 58|AC  0|TAMS 0x000000008f900000, 0x000000008f900000|
| 146|0x000000008fa00000, 0x000000008fa00000, 0x000000008fb00000|  0%| F|  |TS 58|AC  0|TAMS 0x000000008fa00000, 0x000000008fa00000|
| 147|0x000000008fb00000, 0x000000008fb00000, 0x000000008fc00000|  0%| F|  |TS 58|AC  0|TAMS 0x000000008fb00000, 0x000000008fb00000|
| 148|0x000000008fc00000, 0x000000008fc00000, 0x000000008fd00000|  0%| F|  |TS 58|AC  0|TAMS 0x000000008fc00000, 0x000000008fc00000|
| 149|0x000000008fd00000, 0x000000008fd00000, 0x000000008fe00000|  0%| F|  |TS 58|AC  0|TAMS 0x000000008fd00000, 0x000000008fd00000|
| 150|0x000000008fe00000, 0x000000008fe00000, 0x000000008ff00000|  0%| F|  |TS 58|AC  0|TAMS 0x000000008fe00000, 0x000000008fe00000|
| 151|0x000000008ff00000, 0x000000008ff00000, 0x0000000090000000|  0%| F|  |TS 58|AC  0|TAMS 0x000000008ff00000, 0x000000008ff00000|
| 152|0x0000000090000000, 0x0000000090000000, 0x0000000090100000|  0%| F|  |TS 58|AC  0|TAMS 0x0000000090000000, 0x0000000090000000|
| 153|0x0000000090100000, 0x0000000090100000, 0x0000000090200000|  0%| F|  |TS 58|AC  0|TAMS 0x0000000090100000, 0x0000000090100000|
| 154|0x0000000090200000, 0x0000000090200000, 0x0000000090300000|  0%| F|  |TS 58|AC  0|TAMS 0x0000000090200000, 0x0000000090200000|
| 155|0x0000000090300000, 0x0000000090300000, 0x0000000090400000|  0%| F|  |TS 58|AC  0|TAMS 0x0000000090300000, 0x0000000090300000|
| 156|0x0000000090400000, 0x0000000090400000, 0x0000000090500000|  0%| F|  |TS 58|AC  0|TAMS 0x0000000090400000, 0x0000000090400000|
| 157|0x0000000090500000, 0x0000000090500000, 0x0000000090600000|  0%| F|  |TS 58|AC  0|TAMS 0x0000000090500000, 0x0000000090500000|
| 158|0x0000000090600000, 0x0000000090600000, 0x0000000090700000|  0%| F|  |TS 58|AC  0|TAMS 0x0000000090600000, 0x0000000090600000|
| 159|0x0000000090700000, 0x0000000090700000, 0x0000000090800000|  0%| F|  |TS 58|AC  0|TAMS 0x0000000090700000, 0x0000000090700000|
| 160|0x0000000090800000, 0x0000000090800000, 0x0000000090900000|  0%| F|  |TS 58|AC  0|TAMS 0x0000000090800000, 0x0000000090800000|
| 161|0x0000000090900000, 0x0000000090900000, 0x0000000090a00000|  0%| F|  |TS 58|AC  0|TAMS 0x0000000090900000, 0x0000000090900000|
| 162|0x0000000090a00000, 0x0000000090a00000, 0x0000000090b00000|  0%| F|  |TS 58|AC  0|TAMS 0x0000000090a00000, 0x0000000090a00000|
| 163|0x0000000090b00000, 0x0000000090b00000, 0x0000000090c00000|  0%| F|  |TS 58|AC  0|TAMS 0x0000000090b00000, 0x0000000090b00000|
| 164|0x0000000090c00000, 0x0000000090c00000, 0x0000000090d00000|  0%| F|  |TS 58|AC  0|TAMS 0x0000000090c00000, 0x0000000090c00000|
| 165|0x0000000090d00000, 0x0000000090d00000, 0x0000000090e00000|  0%| F|  |TS 58|AC  0|TAMS 0x0000000090d00000, 0x0000000090d00000|
| 166|0x0000000090e00000, 0x0000000090e00000, 0x0000000090f00000|  0%| F|  |TS 58|AC  0|TAMS 0x0000000090e00000, 0x0000000090e00000|
| 167|0x0000000090f00000, 0x0000000090f00000, 0x0000000091000000|  0%| F|  |TS 58|AC  0|TAMS 0x0000000090f00000, 0x0000000090f00000|
| 168|0x0000000091000000, 0x0000000091000000, 0x0000000091100000|  0%| F|  |TS 58|AC  0|TAMS 0x0000000091000000, 0x0000000091000000|
| 169|0x0000000091100000, 0x0000000091100000, 0x0000000091200000|  0%| F|  |TS 58|AC  0|TAMS 0x0000000091100000, 0x0000000091100000|
| 170|0x0000000091200000, 0x0000000091200000, 0x0000000091300000|  0%| F|  |TS 58|AC  0|TAMS 0x0000000091200000, 0x0000000091200000|
| 171|0x0000000091300000, 0x0000000091300000, 0x0000000091400000|  0%| F|  |TS 58|AC  0|TAMS 0x0000000091300000, 0x0000000091300000|
| 172|0x0000000091400000, 0x0000000091400000, 0x0000000091500000|  0%| F|  |TS 58|AC  0|TAMS 0x0000000091400000, 0x0000000091400000|
| 173|0x0000000091500000, 0x0000000091500000, 0x0000000091600000|  0%| F|  |TS 58|AC  0|TAMS 0x0000000091500000, 0x0000000091500000|
| 174|0x0000000091600000, 0x0000000091600000, 0x0000000091700000|  0%| F|  |TS 58|AC  0|TAMS 0x0000000091600000, 0x0000000091600000|
| 175|0x0000000091700000, 0x0000000091700000, 0x0000000091800000|  0%| F|  |TS 58|AC  0|TAMS 0x0000000091700000, 0x0000000091700000|
| 176|0x0000000091800000, 0x0000000091800000, 0x0000000091900000|  0%| F|  |TS 58|AC  0|TAMS 0x0000000091800000, 0x0000000091800000|
| 177|0x0000000091900000, 0x0000000091900000, 0x0000000091a00000|  0%| F|  |TS 58|AC  0|TAMS 0x0000000091900000, 0x0000000091900000|
| 178|0x0000000091a00000, 0x0000000091a00000, 0x0000000091b00000|  0%| F|  |TS 58|AC  0|TAMS 0x0000000091a00000, 0x0000000091a00000|
| 179|0x0000000091b00000, 0x0000000091b00000, 0x0000000091c00000|  0%| F|  |TS 58|AC  0|TAMS 0x0000000091b00000, 0x0000000091b00000|
| 180|0x0000000091c00000, 0x0000000091c00000, 0x0000000091d00000|  0%| F|  |TS 58|AC  0|TAMS 0x0000000091c00000, 0x0000000091c00000|
| 181|0x0000000091d00000, 0x0000000091d00000, 0x0000000091e00000|  0%| F|  |TS 58|AC  0|TAMS 0x0000000091d00000, 0x0000000091d00000|
| 182|0x0000000091e00000, 0x0000000091e00000, 0x0000000091f00000|  0%| F|  |TS 58|AC  0|TAMS 0x0000000091e00000, 0x0000000091e00000|
| 183|0x0000000091f00000, 0x0000000091f00000, 0x0000000092000000|  0%| F|  |TS 58|AC  0|TAMS 0x0000000091f00000, 0x0000000091f00000|
| 184|0x0000000092000000, 0x0000000092000000, 0x0000000092100000|  0%| F|  |TS 58|AC  0|TAMS 0x0000000092000000, 0x0000000092000000|
| 185|0x0000000092100000, 0x0000000092100000, 0x0000000092200000|  0%| F|  |TS 58|AC  0|TAMS 0x0000000092100000, 0x0000000092100000|
| 186|0x0000000092200000, 0x0000000092200000, 0x0000000092300000|  0%| F|  |TS 58|AC  0|TAMS 0x0000000092200000, 0x0000000092200000|
| 187|0x0000000092300000, 0x0000000092300000, 0x0000000092400000|  0%| F|  |TS 58|AC  0|TAMS 0x0000000092300000, 0x0000000092300000|
| 188|0x0000000092400000, 0x0000000092400000, 0x0000000092500000|  0%| F|  |TS 58|AC  0|TAMS 0x0000000092400000, 0x0000000092400000|
| 189|0x0000000092500000, 0x0000000092500000, 0x0000000092600000|  0%| F|  |TS 58|AC  0|TAMS 0x0000000092500000, 0x0000000092500000|
| 190|0x0000000092600000, 0x0000000092600000, 0x0000000092700000|  0%| F|  |TS 58|AC  0|TAMS 0x0000000092600000, 0x0000000092600000|
| 191|0x0000000092700000, 0x0000000092700000, 0x0000000092800000|  0%| F|  |TS 58|AC  0|TAMS 0x0000000092700000, 0x0000000092700000|
| 192|0x0000000092800000, 0x0000000092800000, 0x0000000092900000|  0%| F|  |TS 58|AC  0|TAMS 0x0000000092800000, 0x0000000092800000|
| 193|0x0000000092900000, 0x0000000092900000, 0x0000000092a00000|  0%| F|  |TS 58|AC  0|TAMS 0x0000000092900000, 0x0000000092900000|
| 194|0x0000000092a00000, 0x0000000092a00000, 0x0000000092b00000|  0%| F|  |TS 58|AC  0|TAMS 0x0000000092a00000, 0x0000000092a00000|
| 195|0x0000000092b00000, 0x0000000092b00000, 0x0000000092c00000|  0%| F|  |TS 58|AC  0|TAMS 0x0000000092b00000, 0x0000000092b00000|
| 196|0x0000000092c00000, 0x0000000092c00000, 0x0000000092d00000|  0%| F|  |TS 58|AC  0|TAMS 0x0000000092c00000, 0x0000000092c00000|
| 197|0x0000000092d00000, 0x0000000092d00000, 0x0000000092e00000|  0%| F|  |TS 58|AC  0|TAMS 0x0000000092d00000, 0x0000000092d00000|
| 198|0x0000000092e00000, 0x0000000092e00000, 0x0000000092f00000|  0%| F|  |TS 58|AC  0|TAMS 0x0000000092e00000, 0x0000000092e00000|
| 199|0x0000000092f00000, 0x0000000092f00000, 0x0000000093000000|  0%| F|  |TS 58|AC  0|TAMS 0x0000000092f00000, 0x0000000092f00000|
| 200|0x0000000093000000, 0x0000000093000000, 0x0000000093100000|  0%| F|  |TS 58|AC  0|TAMS 0x0000000093000000, 0x0000000093000000|
| 201|0x0000000093100000, 0x0000000093100000, 0x0000000093200000|  0%| F|  |TS 58|AC  0|TAMS 0x0000000093100000, 0x0000000093100000|
| 202|0x0000000093200000, 0x0000000093200000, 0x0000000093300000|  0%| F|  |TS 58|AC  0|TAMS 0x0000000093200000, 0x0000000093200000|
| 203|0x0000000093300000, 0x0000000093300000, 0x0000000093400000|  0%| F|  |TS 58|AC  0|TAMS 0x0000000093300000, 0x0000000093300000|
| 204|0x0000000093400000, 0x0000000093400000, 0x0000000093500000|  0%| F|  |TS 58|AC  0|TAMS 0x0000000093400000, 0x0000000093400000|
| 205|0x0000000093500000, 0x0000000093500000, 0x0000000093600000|  0%| F|  |TS 58|AC  0|TAMS 0x0000000093500000, 0x0000000093500000|
| 206|0x0000000093600000, 0x0000000093600000, 0x0000000093700000|  0%| F|  |TS 58|AC  0|TAMS 0x0000000093600000, 0x0000000093600000|
| 207|0x0000000093700000, 0x0000000093700000, 0x0000000093800000|  0%| F|  |TS 58|AC  0|TAMS 0x0000000093700000, 0x0000000093700000|
| 208|0x0000000093800000, 0x0000000093800000, 0x0000000093900000|  0%| F|  |TS 58|AC  0|TAMS 0x0000000093800000, 0x0000000093800000|
| 209|0x0000000093900000, 0x0000000093900000, 0x0000000093a00000|  0%| F|  |TS 58|AC  0|TAMS 0x0000000093900000, 0x0000000093900000|
| 210|0x0000000093a00000, 0x0000000093a00000, 0x0000000093b00000|  0%| F|  |TS 58|AC  0|TAMS 0x0000000093a00000, 0x0000000093a00000|
| 211|0x0000000093b00000, 0x0000000093b00000, 0x0000000093c00000|  0%| F|  |TS 58|AC  0|TAMS 0x0000000093b00000, 0x0000000093b00000|
| 212|0x0000000093c00000, 0x0000000093c00000, 0x0000000093d00000|  0%| F|  |TS 58|AC  0|TAMS 0x0000000093c00000, 0x0000000093c00000|

Card table byte_map: [0x00007fe1bda50000,0x00007fe1bde1c000] byte_map_base: 0x00007fe1bd61c000

Marking Bits (Prev, Next): (CMBitMap*) 0x00007fe1d805c1b0, (CMBitMap*) 0x00007fe1d805c1e8
 Prev Bits: [0x00007fe19e1a0000, 0x00007fe1a0000000)
 Next Bits: [0x00007fe19c340000, 0x00007fe19e1a0000)

Polling page: 0x00007fe1df667000

CodeHeap 'non-profiled nmethods': size=120032Kb used=213Kb max_used=213Kb free=119818Kb
 bounds [0x00007fe1c6db3000, 0x00007fe1c7023000, 0x00007fe1ce2eb000]
CodeHeap 'profiled nmethods': size=120028Kb used=402Kb max_used=402Kb free=119625Kb
 bounds [0x00007fe1bf87c000, 0x00007fe1bfaec000, 0x00007fe1c6db3000]
CodeHeap 'non-nmethods': size=5700Kb used=994Kb max_used=1022Kb free=4706Kb
 bounds [0x00007fe1bf2eb000, 0x00007fe1bf55b000, 0x00007fe1bf87c000]
 total_blobs=690 nmethods=262 adapters=179
 compilation: enabled

Compilation events (10 events):
Event: 2.853 Thread 0x00007fe1d8159000  261       4       helpers.Func::getRandom (13 bytes)
Event: 2.858 Thread 0x00007fe1d8159000 nmethod 261 0x00007fe1c6de7b10 code [0x00007fe1c6de7ce0, 0x00007fe1c6de7e78]
Event: 2.923 Thread 0x00007fe1d815b000  262       4       java.lang.Math::abs (14 bytes)
Event: 2.924 Thread 0x00007fe1d815b000 nmethod 262 0x00007fe1c6de8010 code [0x00007fe1c6de81a0, 0x00007fe1c6de8218]
Event: 5.192 Thread 0x00007fe1d8157000  263       4       java.util.Properties::<init> (8 bytes)
Event: 7.143 Thread 0x00007fe1d8157000 nmethod 263 0x00007fe1c6de8290 code [0x00007fe1c6de8420, 0x00007fe1c6de8658]
Event: 8.356 Thread 0x00007fe1d815d000  264       3       java.util.concurrent.ConcurrentHashMap$BaseIterator::<init> (21 bytes)
Event: 8.364 Thread 0x00007fe1d8159000  270 %     4       java.util.ArrayList::indexOf @ 36 (67 bytes)
Event: 8.425 Thread 0x00007fe1d815d000 nmethod 264 0x00007fe1bf8e0690 code [0x00007fe1bf8e0860, 0x00007fe1bf8e0a78]
Event: 8.491 Thread 0x00007fe1d815d000  265       3       java.util.Properties::entrySet (20 bytes)

GC Heap History (10 events):
Event: 4.946 GC heap after
{Heap after GC invocations=53 (full 0):
 garbage-first heap   total 181248K, used 957K [0x0000000086800000, 0x0000000100000000)
  region size 1024K, 1 young (1024K), 1 survivors (1024K)
 Metaspace       used 4144K, capacity 4564K, committed 4864K, reserved 1056768K
  class space    used 339K, capacity 388K, committed 512K, reserved 1048576K
}
Event: 5.273 GC heap before
{Heap before GC invocations=53 (full 0):
 garbage-first heap   total 181248K, used 108477K [0x0000000086800000, 0x0000000100000000)
  region size 1024K, 106 young (108544K), 1 survivors (1024K)
 Metaspace       used 4144K, capacity 4564K, committed 4864K, reserved 1056768K
  class space    used 339K, capacity 388K, committed 512K, reserved 1048576K
}
Event: 5.356 GC heap after
{Heap after GC invocations=54 (full 0):
 garbage-first heap   total 218112K, used 909K [0x0000000086800000, 0x0000000100000000)
  region size 1024K, 1 young (1024K), 1 survivors (1024K)
 Metaspace       used 4144K, capacity 4564K, committed 4864K, reserved 1056768K
  class space    used 339K, capacity 388K, committed 512K, reserved 1048576K
}
Event: 5.555 GC heap before
{Heap before GC invocations=54 (full 0):
 garbage-first heap   total 218112K, used 129933K [0x0000000086800000, 0x0000000100000000)
  region size 1024K, 127 young (130048K), 1 survivors (1024K)
 Metaspace       used 4144K, capacity 4564K, committed 4864K, reserved 1056768K
  class space    used 339K, capacity 388K, committed 512K, reserved 1048576K
}
Event: 6.880 GC heap after
{Heap after GC invocations=55 (full 0):
 garbage-first heap   total 218112K, used 953K [0x0000000086800000, 0x0000000100000000)
  region size 1024K, 1 young (1024K), 1 survivors (1024K)
 Metaspace       used 4144K, capacity 4564K, committed 4864K, reserved 1056768K
  class space    used 339K, capacity 388K, committed 512K, reserved 1048576K
}
Event: 7.256 GC heap before
{Heap before GC invocations=55 (full 0):
 garbage-first heap   total 218112K, used 129977K [0x0000000086800000, 0x0000000100000000)
  region size 1024K, 127 young (130048K), 1 survivors (1024K)
 Metaspace       used 4144K, capacity 4564K, committed 4864K, reserved 1056768K
  class space    used 339K, capacity 388K, committed 512K, reserved 1048576K
}
Event: 7.472 GC heap after
{Heap after GC invocations=56 (full 0):
 garbage-first heap   total 218112K, used 912K [0x0000000086800000, 0x0000000100000000)
  region size 1024K, 1 young (1024K), 1 survivors (1024K)
 Metaspace       used 4144K, capacity 4564K, committed 4864K, reserved 1056768K
  class space    used 339K, capacity 388K, committed 512K, reserved 1048576K
}
Event: 7.797 GC heap before
{Heap before GC invocations=56 (full 0):
 garbage-first heap   total 218112K, used 129936K [0x0000000086800000, 0x0000000100000000)
  region size 1024K, 127 young (130048K), 1 survivors (1024K)
 Metaspace       used 4144K, capacity 4564K, committed 4864K, reserved 1056768K
  class space    used 339K, capacity 388K, committed 512K, reserved 1048576K
}
Event: 8.187 GC heap after
{Heap after GC invocations=57 (full 0):
 garbage-first heap   total 218112K, used 959K [0x0000000086800000, 0x0000000100000000)
  region size 1024K, 1 young (1024K), 1 survivors (1024K)
 Metaspace       used 4144K, capacity 4564K, committed 4864K, reserved 1056768K
  class space    used 339K, capacity 388K, committed 512K, reserved 1048576K
}
Event: 8.529 GC heap before
{Heap before GC invocations=57 (full 0):
 garbage-first heap   total 218112K, used 129983K [0x0000000086800000, 0x0000000100000000)
  region size 1024K, 127 young (130048K), 1 survivors (1024K)
 Metaspace       used 4145K, capacity 4564K, committed 4864K, reserved 1056768K
  class space    used 339K, capacity 388K, committed 512K, reserved 1048576K
}

Deoptimization events (10 events):
Event: 0.082 Thread 0x00007fe1d8011800 Uncommon trap: reason=unstable_if action=reinterpret pc=0x00007fe1c6dbed5c method=java.lang.String.indexOf(Ljava/lang/String;)I @ 48 c2
Event: 0.083 Thread 0x00007fe1d8011800 Uncommon trap: reason=class_check action=maybe_recompile pc=0x00007fe1c6dc0140 method=java.lang.Character.toLowerCase(I)I @ 5 c2
Event: 0.083 Thread 0x00007fe1d8011800 Uncommon trap: reason=class_check action=maybe_recompile pc=0x00007fe1c6dc0140 method=java.lang.Character.toLowerCase(I)I @ 5 c2
Event: 0.083 Thread 0x00007fe1d8011800 Uncommon trap: reason=class_check action=maybe_recompile pc=0x00007fe1c6dc0140 method=java.lang.Character.toLowerCase(I)I @ 5 c2
Event: 0.083 Thread 0x00007fe1d8011800 Uncommon trap: reason=class_check action=maybe_recompile pc=0x00007fe1c6dc0140 method=java.lang.Character.toLowerCase(I)I @ 5 c2
Event: 0.228 Thread 0x00007fe1d8011800 Uncommon trap: reason=unstable_if action=reinterpret pc=0x00007fe1c6dcafb0 method=java.lang.StringLatin1.toLowerCase(Ljava/lang/String;[BLjava/util/Locale;)Ljava/lang/String; @ 40 c2
Event: 0.228 Thread 0x00007fe1d8011800 Uncommon trap: reason=unstable_if action=reinterpret pc=0x00007fe1c6dc3174 method=java.lang.StringLatin1.toLowerCase(Ljava/lang/String;[BLjava/util/Locale;)Ljava/lang/String; @ 40 c2
Event: 0.228 Thread 0x00007fe1d8011800 Uncommon trap: reason=unstable_if action=reinterpret pc=0x00007fe1c6dc6be8 method=java.lang.StringLatin1.toLowerCase(Ljava/lang/String;[BLjava/util/Locale;)Ljava/lang/String; @ 40 c2
Event: 1.300 Thread 0x00007fe1d8011800 Uncommon trap: reason=unstable_if action=reinterpret pc=0x00007fe1c6dbf29c method=java.util.concurrent.ConcurrentHashMap.get(Ljava/lang/Object;)Ljava/lang/Object; @ 51 c2
Event: 1.300 Thread 0x00007fe1d8011800 Uncommon trap: reason=unstable_if action=reinterpret pc=0x00007fe1c6dbd38c method=java.util.concurrent.ConcurrentHashMap.get(Ljava/lang/Object;)Ljava/lang/Object; @ 51 c2

Classes redefined (0 events):
No events

Internal exceptions (0 events):
No events

Events (10 events):
Event: 4.946 Executing VM operation: G1IncCollectionPause done
Event: 5.248 Executing VM operation: G1IncCollectionPause
Event: 5.356 Executing VM operation: G1IncCollectionPause done
Event: 5.550 Executing VM operation: G1IncCollectionPause
Event: 6.966 Executing VM operation: G1IncCollectionPause done
Event: 7.186 Executing VM operation: G1IncCollectionPause
Event: 7.532 Executing VM operation: G1IncCollectionPause done
Event: 7.737 Executing VM operation: G1IncCollectionPause
Event: 8.211 Executing VM operation: G1IncCollectionPause done
Event: 8.497 Executing VM operation: G1IncCollectionPause


Dynamic libraries:
86800000-93d00000 rw-p 00000000 00:00 0 
ae700000-100000000 ---p 00000000 00:00 0 
100000000-100080000 rw-p 00000000 00:00 0 
100080000-140000000 ---p 00000000 00:00 0 
55d2a26a8000-55d2a26a9000 r-xp 00000000 fd:01 12457965                   /usr/lib/jvm/java-11-openjdk-amd64/bin/java
55d2a28a9000-55d2a28aa000 r--p 00001000 fd:01 12457965                   /usr/lib/jvm/java-11-openjdk-amd64/bin/java
55d2a28aa000-55d2a28ab000 rw-p 00002000 fd:01 12457965                   /usr/lib/jvm/java-11-openjdk-amd64/bin/java
55d2a3446000-55d2a3467000 rw-p 00000000 00:00 0                          [heap]
7fe134000000-7fe134021000 rw-p 00000000 00:00 0 
7fe134021000-7fe138000000 ---p 00000000 00:00 0 
7fe138000000-7fe138021000 rw-p 00000000 00:00 0 
7fe138021000-7fe13c000000 ---p 00000000 00:00 0 
7fe13c000000-7fe13c021000 rw-p 00000000 00:00 0 
7fe13c021000-7fe140000000 ---p 00000000 00:00 0 
7fe140000000-7fe140021000 rw-p 00000000 00:00 0 
7fe140021000-7fe144000000 ---p 00000000 00:00 0 
7fe144000000-7fe144161000 rw-p 00000000 00:00 0 
7fe144161000-7fe148000000 ---p 00000000 00:00 0 
7fe148000000-7fe148245000 rw-p 00000000 00:00 0 
7fe148245000-7fe14c000000 ---p 00000000 00:00 0 
7fe14c000000-7fe14c34f000 rw-p 00000000 00:00 0 
7fe14c34f000-7fe150000000 ---p 00000000 00:00 0 
7fe150000000-7fe15030c000 rw-p 00000000 00:00 0 
7fe15030c000-7fe154000000 ---p 00000000 00:00 0 
7fe154000000-7fe154021000 rw-p 00000000 00:00 0 
7fe154021000-7fe158000000 ---p 00000000 00:00 0 
7fe158000000-7fe158021000 rw-p 00000000 00:00 0 
7fe158021000-7fe15c000000 ---p 00000000 00:00 0 
7fe15c000000-7fe15c059000 rw-p 00000000 00:00 0 
7fe15c059000-7fe160000000 ---p 00000000 00:00 0 
7fe160000000-7fe160021000 rw-p 00000000 00:00 0 
7fe160021000-7fe164000000 ---p 00000000 00:00 0 
7fe164000000-7fe164021000 rw-p 00000000 00:00 0 
7fe164021000-7fe168000000 ---p 00000000 00:00 0 
7fe168000000-7fe168021000 rw-p 00000000 00:00 0 
7fe168021000-7fe16c000000 ---p 00000000 00:00 0 
7fe16c000000-7fe16c021000 rw-p 00000000 00:00 0 
7fe16c021000-7fe170000000 ---p 00000000 00:00 0 
7fe170000000-7fe170021000 rw-p 00000000 00:00 0 
7fe170021000-7fe174000000 ---p 00000000 00:00 0 
7fe174000000-7fe174021000 rw-p 00000000 00:00 0 
7fe174021000-7fe178000000 ---p 00000000 00:00 0 
7fe178000000-7fe178021000 rw-p 00000000 00:00 0 
7fe178021000-7fe17c000000 ---p 00000000 00:00 0 
7fe17c000000-7fe17c021000 rw-p 00000000 00:00 0 
7fe17c021000-7fe180000000 ---p 00000000 00:00 0 
7fe180000000-7fe180021000 rw-p 00000000 00:00 0 
7fe180021000-7fe184000000 ---p 00000000 00:00 0 
7fe184000000-7fe184021000 rw-p 00000000 00:00 0 
7fe184021000-7fe188000000 ---p 00000000 00:00 0 
7fe1881fd000-7fe188214000 r-xp 00000000 fd:01 12458130                   /usr/lib/jvm/java-11-openjdk-amd64/lib/libnet.so
7fe188214000-7fe188413000 ---p 00017000 fd:01 12458130                   /usr/lib/jvm/java-11-openjdk-amd64/lib/libnet.so
7fe188413000-7fe188414000 r--p 00016000 fd:01 12458130                   /usr/lib/jvm/java-11-openjdk-amd64/lib/libnet.so
7fe188414000-7fe188415000 rw-p 00017000 fd:01 12458130                   /usr/lib/jvm/java-11-openjdk-amd64/lib/libnet.so
7fe188415000-7fe188426000 r-xp 00000000 fd:01 12458131                   /usr/lib/jvm/java-11-openjdk-amd64/lib/libnio.so
7fe188426000-7fe188625000 ---p 00011000 fd:01 12458131                   /usr/lib/jvm/java-11-openjdk-amd64/lib/libnio.so
7fe188625000-7fe188626000 r--p 00010000 fd:01 12458131                   /usr/lib/jvm/java-11-openjdk-amd64/lib/libnio.so
7fe188626000-7fe188627000 rw-p 00011000 fd:01 12458131                   /usr/lib/jvm/java-11-openjdk-amd64/lib/libnio.so
7fe188627000-7fe18862b000 ---p 00000000 00:00 0 
7fe18862b000-7fe188728000 rw-p 00000000 00:00 0 
7fe188728000-7fe188729000 ---p 00000000 00:00 0 
7fe188729000-7fe18882a000 rw-p 00000000 00:00 0 
7fe18882a000-7fe18882e000 ---p 00000000 00:00 0 
7fe18882e000-7fe18892b000 rw-p 00000000 00:00 0 
7fe18892b000-7fe18892f000 ---p 00000000 00:00 0 
7fe18892f000-7fe188a2c000 rw-p 00000000 00:00 0 
7fe188a2c000-7fe188a30000 ---p 00000000 00:00 0 
7fe188a30000-7fe188b2d000 rw-p 00000000 00:00 0 
7fe188b2d000-7fe188b31000 ---p 00000000 00:00 0 
7fe188b31000-7fe188c2e000 rw-p 00000000 00:00 0 
7fe188c2e000-7fe188c32000 ---p 00000000 00:00 0 
7fe188c32000-7fe188d2f000 rw-p 00000000 00:00 0 
7fe188d2f000-7fe188d33000 ---p 00000000 00:00 0 
7fe188d33000-7fe188e30000 rw-p 00000000 00:00 0 
7fe188e30000-7fe189800000 r--p 00000000 fd:01 12458615                   /usr/lib/locale/locale-archive
7fe189800000-7fe189c40000 rw-p 00000000 00:00 0 
7fe189c40000-7fe18a000000 ---p 00000000 00:00 0 
7fe18a000000-7fe18c000000 rw-p 00000000 00:00 0 
7fe18c000000-7fe18c021000 rw-p 00000000 00:00 0 
7fe18c021000-7fe190000000 ---p 00000000 00:00 0 
7fe190000000-7fe190021000 rw-p 00000000 00:00 0 
7fe190021000-7fe194000000 ---p 00000000 00:00 0 
7fe194000000-7fe194021000 rw-p 00000000 00:00 0 
7fe194021000-7fe198000000 ---p 00000000 00:00 0 
7fe198000000-7fe198021000 rw-p 00000000 00:00 0 
7fe198021000-7fe19c000000 ---p 00000000 00:00 0 
7fe19c03d000-7fe19c041000 ---p 00000000 00:00 0 
7fe19c041000-7fe19c13e000 rw-p 00000000 00:00 0 
7fe19c13e000-7fe19c142000 ---p 00000000 00:00 0 
7fe19c142000-7fe19c23f000 rw-p 00000000 00:00 0 
7fe19c23f000-7fe19c243000 ---p 00000000 00:00 0 
7fe19c243000-7fe19c694000 rw-p 00000000 00:00 0 
7fe19c694000-7fe19e1a0000 ---p 00000000 00:00 0 
7fe19e1a0000-7fe19e4f4000 rw-p 00000000 00:00 0 
7fe19e4f4000-7fe1a0000000 ---p 00000000 00:00 0 
7fe1a0000000-7fe1a0021000 rw-p 00000000 00:00 0 
7fe1a0021000-7fe1a4000000 ---p 00000000 00:00 0 
7fe1a4000000-7fe1a4021000 rw-p 00000000 00:00 0 
7fe1a4021000-7fe1a8000000 ---p 00000000 00:00 0 
7fe1a8000000-7fe1a8021000 rw-p 00000000 00:00 0 
7fe1a8021000-7fe1ac000000 ---p 00000000 00:00 0 
7fe1ac000000-7fe1ac021000 rw-p 00000000 00:00 0 
7fe1ac021000-7fe1b0000000 ---p 00000000 00:00 0 
7fe1b0000000-7fe1b0021000 rw-p 00000000 00:00 0 
7fe1b0021000-7fe1b4000000 ---p 00000000 00:00 0 
7fe1b4000000-7fe1b4021000 rw-p 00000000 00:00 0 
7fe1b4021000-7fe1b8000000 ---p 00000000 00:00 0 
7fe1b8000000-7fe1b8021000 rw-p 00000000 00:00 0 
7fe1b8021000-7fe1bc000000 ---p 00000000 00:00 0 
7fe1bc0bb000-7fe1bc0ec000 rw-p 00000000 00:00 0 
7fe1bc0ec000-7fe1bc0ed000 ---p 00000000 00:00 0 
7fe1bc0ed000-7fe1bc264000 rw-p 00000000 00:00 0 
7fe1bc264000-7fe1bc265000 ---p 00000000 00:00 0 
7fe1bc265000-7fe1bc366000 rw-p 00000000 00:00 0 
7fe1bc366000-7fe1bc367000 ---p 00000000 00:00 0 
7fe1bc367000-7fe1bc468000 rw-p 00000000 00:00 0 
7fe1bc468000-7fe1bc469000 ---p 00000000 00:00 0 
7fe1bc469000-7fe1bc56a000 rw-p 00000000 00:00 0 
7fe1bc56a000-7fe1bc56b000 ---p 00000000 00:00 0 
7fe1bc56b000-7fe1bc66c000 rw-p 00000000 00:00 0 
7fe1bc66c000-7fe1bc66d000 ---p 00000000 00:00 0 
7fe1bc66d000-7fe1bc76e000 rw-p 00000000 00:00 0 
7fe1bc76e000-7fe1bc76f000 ---p 00000000 00:00 0 
7fe1bc76f000-7fe1bc870000 rw-p 00000000 00:00 0 
7fe1bc870000-7fe1bc871000 ---p 00000000 00:00 0 
7fe1bc871000-7fe1bc972000 rw-p 00000000 00:00 0 
7fe1bc972000-7fe1bc973000 ---p 00000000 00:00 0 
7fe1bc973000-7fe1bca74000 rw-p 00000000 00:00 0 
7fe1bca74000-7fe1bca75000 ---p 00000000 00:00 0 
7fe1bca75000-7fe1bd37e000 rw-p 00000000 00:00 0 
7fe1bd37e000-7fe1bd37f000 ---p 00000000 00:00 0 
7fe1bd37f000-7fe1bd480000 rw-p 00000000 00:00 0 
7fe1bd480000-7fe1bd481000 ---p 00000000 00:00 0 
7fe1bd481000-7fe1bd582000 rw-p 00000000 00:00 0 
7fe1bd582000-7fe1bd583000 ---p 00000000 00:00 0 
7fe1bd583000-7fe1bd6ef000 rw-p 00000000 00:00 0 
7fe1bd6ef000-7fe1bda50000 ---p 00000000 00:00 0 
7fe1bda50000-7fe1bdabb000 rw-p 00000000 00:00 0 
7fe1bdabb000-7fe1bde1c000 ---p 00000000 00:00 0 
7fe1bde1c000-7fe1bde87000 rw-p 00000000 00:00 0 
7fe1bde87000-7fe1be1e8000 ---p 00000000 00:00 0 
7fe1be1e8000-7fe1be9f0000 rw-p 00000000 00:00 0 
7fe1be9f0000-7fe1be9f1000 ---p 00000000 00:00 0 
7fe1be9f1000-7fe1beaf2000 rw-p 00000000 00:00 0 
7fe1beaf2000-7fe1beaf3000 ---p 00000000 00:00 0 
7fe1beaf3000-7fe1bebf4000 rw-p 00000000 00:00 0 
7fe1bebf4000-7fe1bebf5000 ---p 00000000 00:00 0 
7fe1bebf5000-7fe1becf6000 rw-p 00000000 00:00 0 
7fe1becf6000-7fe1becf7000 ---p 00000000 00:00 0 
7fe1becf7000-7fe1bedf8000 rw-p 00000000 00:00 0 
7fe1bedf8000-7fe1bedf9000 ---p 00000000 00:00 0 
7fe1bedf9000-7fe1beefa000 rw-p 00000000 00:00 0 
7fe1beefa000-7fe1beefb000 ---p 00000000 00:00 0 
7fe1beefb000-7fe1beffc000 rw-p 00000000 00:00 0 
7fe1beffc000-7fe1beffd000 ---p 00000000 00:00 0 
7fe1beffd000-7fe1bf0fe000 rw-p 00000000 00:00 0 
7fe1bf0fe000-7fe1bf0ff000 ---p 00000000 00:00 0 
7fe1bf0ff000-7fe1bf205000 rw-p 00000000 00:00 0 
7fe1bf205000-7fe1bf2eb000 ---p 00000000 00:00 0 
7fe1bf2eb000-7fe1bf55b000 rwxp 00000000 00:00 0 
7fe1bf55b000-7fe1bf87c000 ---p 00000000 00:00 0 
7fe1bf87c000-7fe1bfaec000 rwxp 00000000 00:00 0 
7fe1bfaec000-7fe1c6db3000 ---p 00000000 00:00 0 
7fe1c6db3000-7fe1c7023000 rwxp 00000000 00:00 0 
7fe1c7023000-7fe1ce2eb000 ---p 00000000 00:00 0 
7fe1ce2eb000-7fe1d77c6000 r--s 00000000 fd:01 12458140                   /usr/lib/jvm/java-11-openjdk-amd64/lib/modules
7fe1d77c6000-7fe1d77cb000 r-xp 00000000 fd:01 12458122                   /usr/lib/jvm/java-11-openjdk-amd64/lib/libjimage.so
7fe1d77cb000-7fe1d79ca000 ---p 00005000 fd:01 12458122                   /usr/lib/jvm/java-11-openjdk-amd64/lib/libjimage.so
7fe1d79ca000-7fe1d79cb000 r--p 00004000 fd:01 12458122                   /usr/lib/jvm/java-11-openjdk-amd64/lib/libjimage.so
7fe1d79cb000-7fe1d79cc000 rw-p 00005000 fd:01 12458122                   /usr/lib/jvm/java-11-openjdk-amd64/lib/libjimage.so
7fe1d79cc000-7fe1d79d3000 r-xp 00000000 fd:01 12458139                   /usr/lib/jvm/java-11-openjdk-amd64/lib/libzip.so
7fe1d79d3000-7fe1d7bd2000 ---p 00007000 fd:01 12458139                   /usr/lib/jvm/java-11-openjdk-amd64/lib/libzip.so
7fe1d7bd2000-7fe1d7bd3000 r--p 00006000 fd:01 12458139                   /usr/lib/jvm/java-11-openjdk-amd64/lib/libzip.so
7fe1d7bd3000-7fe1d7bd4000 rw-p 00007000 fd:01 12458139                   /usr/lib/jvm/java-11-openjdk-amd64/lib/libzip.so
7fe1d7bd4000-7fe1d7bdf000 r-xp 00000000 fd:01 4723447                    /lib/x86_64-linux-gnu/libnss_files-2.27.so
7fe1d7bdf000-7fe1d7dde000 ---p 0000b000 fd:01 4723447                    /lib/x86_64-linux-gnu/libnss_files-2.27.so
7fe1d7dde000-7fe1d7ddf000 r--p 0000a000 fd:01 4723447                    /lib/x86_64-linux-gnu/libnss_files-2.27.so
7fe1d7ddf000-7fe1d7de0000 rw-p 0000b000 fd:01 4723447                    /lib/x86_64-linux-gnu/libnss_files-2.27.so
7fe1d7de0000-7fe1d7de6000 rw-p 00000000 00:00 0 
7fe1d7de6000-7fe1d7dfd000 r-xp 00000000 fd:01 4723441                    /lib/x86_64-linux-gnu/libnsl-2.27.so
7fe1d7dfd000-7fe1d7ffc000 ---p 00017000 fd:01 4723441                    /lib/x86_64-linux-gnu/libnsl-2.27.so
7fe1d7ffc000-7fe1d7ffd000 r--p 00016000 fd:01 4723441                    /lib/x86_64-linux-gnu/libnsl-2.27.so
7fe1d7ffd000-7fe1d7ffe000 rw-p 00017000 fd:01 4723441                    /lib/x86_64-linux-gnu/libnsl-2.27.so
7fe1d7ffe000-7fe1d8000000 rw-p 00000000 00:00 0 
7fe1d8000000-7fe1d8248000 rw-p 00000000 00:00 0 
7fe1d8248000-7fe1dc000000 ---p 00000000 00:00 0 
7fe1dc019000-7fe1dc0a1000 rw-p 00000000 00:00 0 
7fe1dc0a1000-7fe1dc187000 ---p 00000000 00:00 0 
7fe1dc187000-7fe1dc192000 r-xp 00000000 fd:01 4723458                    /lib/x86_64-linux-gnu/libnss_nis-2.27.so
7fe1dc192000-7fe1dc391000 ---p 0000b000 fd:01 4723458                    /lib/x86_64-linux-gnu/libnss_nis-2.27.so
7fe1dc391000-7fe1dc392000 r--p 0000a000 fd:01 4723458                    /lib/x86_64-linux-gnu/libnss_nis-2.27.so
7fe1dc392000-7fe1dc393000 rw-p 0000b000 fd:01 4723458                    /lib/x86_64-linux-gnu/libnss_nis-2.27.so
7fe1dc393000-7fe1dc39b000 r-xp 00000000 fd:01 4723443                    /lib/x86_64-linux-gnu/libnss_compat-2.27.so
7fe1dc39b000-7fe1dc59b000 ---p 00008000 fd:01 4723443                    /lib/x86_64-linux-gnu/libnss_compat-2.27.so
7fe1dc59b000-7fe1dc59c000 r--p 00008000 fd:01 4723443                    /lib/x86_64-linux-gnu/libnss_compat-2.27.so
7fe1dc59c000-7fe1dc59d000 rw-p 00009000 fd:01 4723443                    /lib/x86_64-linux-gnu/libnss_compat-2.27.so
7fe1dc59d000-7fe1dc5c9000 r-xp 00000000 fd:01 12458118                   /usr/lib/jvm/java-11-openjdk-amd64/lib/libjava.so
7fe1dc5c9000-7fe1dc7c8000 ---p 0002c000 fd:01 12458118                   /usr/lib/jvm/java-11-openjdk-amd64/lib/libjava.so
7fe1dc7c8000-7fe1dc7c9000 r--p 0002b000 fd:01 12458118                   /usr/lib/jvm/java-11-openjdk-amd64/lib/libjava.so
7fe1dc7c9000-7fe1dc7cb000 rw-p 0002c000 fd:01 12458118                   /usr/lib/jvm/java-11-openjdk-amd64/lib/libjava.so
7fe1dc7cb000-7fe1dc7d8000 r-xp 00000000 fd:01 12458138                   /usr/lib/jvm/java-11-openjdk-amd64/lib/libverify.so
7fe1dc7d8000-7fe1dc9d7000 ---p 0000d000 fd:01 12458138                   /usr/lib/jvm/java-11-openjdk-amd64/lib/libverify.so
7fe1dc9d7000-7fe1dc9d9000 r--p 0000c000 fd:01 12458138                   /usr/lib/jvm/java-11-openjdk-amd64/lib/libverify.so
7fe1dc9d9000-7fe1dc9da000 rw-p 0000e000 fd:01 12458138                   /usr/lib/jvm/java-11-openjdk-amd64/lib/libverify.so
7fe1dc9da000-7fe1dc9e1000 r-xp 00000000 fd:01 4723498                    /lib/x86_64-linux-gnu/librt-2.27.so
7fe1dc9e1000-7fe1dcbe0000 ---p 00007000 fd:01 4723498                    /lib/x86_64-linux-gnu/librt-2.27.so
7fe1dcbe0000-7fe1dcbe1000 r--p 00006000 fd:01 4723498                    /lib/x86_64-linux-gnu/librt-2.27.so
7fe1dcbe1000-7fe1dcbe2000 rw-p 00007000 fd:01 4723498                    /lib/x86_64-linux-gnu/librt-2.27.so
7fe1dcbe2000-7fe1dcbf9000 r-xp 00000000 fd:01 4727795                    /lib/x86_64-linux-gnu/libgcc_s.so.1
7fe1dcbf9000-7fe1dcdf8000 ---p 00017000 fd:01 4727795                    /lib/x86_64-linux-gnu/libgcc_s.so.1
7fe1dcdf8000-7fe1dcdf9000 r--p 00016000 fd:01 4727795                    /lib/x86_64-linux-gnu/libgcc_s.so.1
7fe1dcdf9000-7fe1dcdfa000 rw-p 00017000 fd:01 4727795                    /lib/x86_64-linux-gnu/libgcc_s.so.1
7fe1dcdfa000-7fe1dcf97000 r-xp 00000000 fd:01 4723420                    /lib/x86_64-linux-gnu/libm-2.27.so
7fe1dcf97000-7fe1dd196000 ---p 0019d000 fd:01 4723420                    /lib/x86_64-linux-gnu/libm-2.27.so
7fe1dd196000-7fe1dd197000 r--p 0019c000 fd:01 4723420                    /lib/x86_64-linux-gnu/libm-2.27.so
7fe1dd197000-7fe1dd198000 rw-p 0019d000 fd:01 4723420                    /lib/x86_64-linux-gnu/libm-2.27.so
7fe1dd198000-7fe1dd311000 r-xp 00000000 fd:01 12452338                   /usr/lib/x86_64-linux-gnu/libstdc++.so.6.0.25
7fe1dd311000-7fe1dd511000 ---p 00179000 fd:01 12452338                   /usr/lib/x86_64-linux-gnu/libstdc++.so.6.0.25
7fe1dd511000-7fe1dd51b000 r--p 00179000 fd:01 12452338                   /usr/lib/x86_64-linux-gnu/libstdc++.so.6.0.25
7fe1dd51b000-7fe1dd51d000 rw-p 00183000 fd:01 12452338                   /usr/lib/x86_64-linux-gnu/libstdc++.so.6.0.25
7fe1dd51d000-7fe1dd521000 rw-p 00000000 00:00 0 
7fe1dd521000-7fe1de4be000 r-xp 00000000 fd:01 12458145                   /usr/lib/jvm/java-11-openjdk-amd64/lib/server/libjvm.so
7fe1de4be000-7fe1de6be000 ---p 00f9d000 fd:01 12458145                   /usr/lib/jvm/java-11-openjdk-amd64/lib/server/libjvm.so
7fe1de6be000-7fe1de782000 r--p 00f9d000 fd:01 12458145                   /usr/lib/jvm/java-11-openjdk-amd64/lib/server/libjvm.so
7fe1de782000-7fe1de7ba000 rw-p 01061000 fd:01 12458145                   /usr/lib/jvm/java-11-openjdk-amd64/lib/server/libjvm.so
7fe1de7ba000-7fe1de803000 rw-p 00000000 00:00 0 
7fe1de803000-7fe1de81d000 r-xp 00000000 fd:01 4723490                    /lib/x86_64-linux-gnu/libpthread-2.27.so
7fe1de81d000-7fe1dea1c000 ---p 0001a000 fd:01 4723490                    /lib/x86_64-linux-gnu/libpthread-2.27.so
7fe1dea1c000-7fe1dea1d000 r--p 00019000 fd:01 4723490                    /lib/x86_64-linux-gnu/libpthread-2.27.so
7fe1dea1d000-7fe1dea1e000 rw-p 0001a000 fd:01 4723490                    /lib/x86_64-linux-gnu/libpthread-2.27.so
7fe1dea1e000-7fe1dea22000 rw-p 00000000 00:00 0 
7fe1dea22000-7fe1dea25000 r-xp 00000000 fd:01 4723380                    /lib/x86_64-linux-gnu/libdl-2.27.so
7fe1dea25000-7fe1dec24000 ---p 00003000 fd:01 4723380                    /lib/x86_64-linux-gnu/libdl-2.27.so
7fe1dec24000-7fe1dec25000 r--p 00002000 fd:01 4723380                    /lib/x86_64-linux-gnu/libdl-2.27.so
7fe1dec25000-7fe1dec26000 rw-p 00003000 fd:01 4723380                    /lib/x86_64-linux-gnu/libdl-2.27.so
7fe1dec26000-7fe1dec42000 r-xp 00000000 fd:01 4723529                    /lib/x86_64-linux-gnu/libz.so.1.2.11
7fe1dec42000-7fe1dee41000 ---p 0001c000 fd:01 4723529                    /lib/x86_64-linux-gnu/libz.so.1.2.11
7fe1dee41000-7fe1dee42000 r--p 0001b000 fd:01 4723529                    /lib/x86_64-linux-gnu/libz.so.1.2.11
7fe1dee42000-7fe1dee43000 rw-p 0001c000 fd:01 4723529                    /lib/x86_64-linux-gnu/libz.so.1.2.11
7fe1dee43000-7fe1df02a000 r-xp 00000000 fd:01 4723357                    /lib/x86_64-linux-gnu/libc-2.27.so
7fe1df02a000-7fe1df22a000 ---p 001e7000 fd:01 4723357                    /lib/x86_64-linux-gnu/libc-2.27.so
7fe1df22a000-7fe1df22e000 r--p 001e7000 fd:01 4723357                    /lib/x86_64-linux-gnu/libc-2.27.so
7fe1df22e000-7fe1df230000 rw-p 001eb000 fd:01 4723357                    /lib/x86_64-linux-gnu/libc-2.27.so
7fe1df230000-7fe1df234000 rw-p 00000000 00:00 0 
7fe1df234000-7fe1df243000 r-xp 00000000 fd:01 12458103                   /usr/lib/jvm/java-11-openjdk-amd64/lib/jli/libjli.so
7fe1df243000-7fe1df442000 ---p 0000f000 fd:01 12458103                   /usr/lib/jvm/java-11-openjdk-amd64/lib/jli/libjli.so
7fe1df442000-7fe1df443000 r--p 0000e000 fd:01 12458103                   /usr/lib/jvm/java-11-openjdk-amd64/lib/jli/libjli.so
7fe1df443000-7fe1df444000 rw-p 0000f000 fd:01 12458103                   /usr/lib/jvm/java-11-openjdk-amd64/lib/jli/libjli.so
7fe1df444000-7fe1df46b000 r-xp 00000000 fd:01 4723329                    /lib/x86_64-linux-gnu/ld-2.27.so
7fe1df491000-7fe1df54c000 rw-p 00000000 00:00 0 
7fe1df54c000-7fe1df550000 ---p 00000000 00:00 0 
7fe1df550000-7fe1df64f000 rw-p 00000000 00:00 0 
7fe1df652000-7fe1df658000 rw-p 00000000 00:00 0 
7fe1df658000-7fe1df65f000 ---p 00000000 00:00 0 
7fe1df65f000-7fe1df667000 rw-s 00000000 fd:01 13508767                   /tmp/hsperfdata_umar/4532
7fe1df667000-7fe1df668000 ---p 00000000 00:00 0 
7fe1df668000-7fe1df669000 r--p 00000000 00:00 0 
7fe1df669000-7fe1df66b000 rw-p 00000000 00:00 0 
7fe1df66b000-7fe1df66c000 r--p 00027000 fd:01 4723329                    /lib/x86_64-linux-gnu/ld-2.27.so
7fe1df66c000-7fe1df66d000 rw-p 00028000 fd:01 4723329                    /lib/x86_64-linux-gnu/ld-2.27.so
7fe1df66d000-7fe1df66e000 rw-p 00000000 00:00 0 
7ffc90561000-7ffc90582000 rw-p 00000000 00:00 0                          [stack]
7ffc905d8000-7ffc905db000 r--p 00000000 00:00 0                          [vvar]
7ffc905db000-7ffc905dd000 r-xp 00000000 00:00 0                          [vdso]
ffffffffff600000-ffffffffff601000 r-xp 00000000 00:00 0                  [vsyscall]


VM Arguments:
java_command: main/MainPage maps3
java_class_path (initial): .
Launcher Type: SUN_STANDARD

Logging:
Log output configuration:
#0: stdout all=warning uptime,level,tags
#1: stderr all=off uptime,level,tags

Environment Variables:
PATH=/usr/local/sbin:/usr/local/bin:/usr/sbin:/usr/bin:/sbin:/bin:/usr/games:/usr/local/games:/snap/bin
USERNAME=umar
SHELL=/bin/bash
DISPLAY=:0

Signal Handlers:
SIGSEGV: [libjvm.so+0xd28b70], sa_mask[0]=11111111011111111101111111111110, sa_flags=SA_RESTART|SA_SIGINFO
SIGBUS: [libjvm.so+0xd28b70], sa_mask[0]=11111111011111111101111111111110, sa_flags=SA_RESTART|SA_SIGINFO
SIGFPE: [libjvm.so+0xd28b70], sa_mask[0]=11111111011111111101111111111110, sa_flags=SA_RESTART|SA_SIGINFO
SIGPIPE: [libjvm.so+0xb2a1f0], sa_mask[0]=11111111011111111101111111111110, sa_flags=SA_RESTART|SA_SIGINFO
SIGXFSZ: [libjvm.so+0xb2a1f0], sa_mask[0]=11111111011111111101111111111110, sa_flags=SA_RESTART|SA_SIGINFO
SIGILL: [libjvm.so+0xd28b70], sa_mask[0]=11111111011111111101111111111110, sa_flags=SA_RESTART|SA_SIGINFO
SIGUSR2: [libjvm.so+0xb2a030], sa_mask[0]=00000000000000000000000000000000, sa_flags=SA_RESTART|SA_SIGINFO
SIGHUP: [libjvm.so+0xb2a180], sa_mask[0]=11111111011111111101111111111110, sa_flags=SA_RESTART|SA_SIGINFO
SIGINT: [libjvm.so+0xb2a180], sa_mask[0]=11111111011111111101111111111110, sa_flags=SA_RESTART|SA_SIGINFO
SIGTERM: [libjvm.so+0xb2a180], sa_mask[0]=11111111011111111101111111111110, sa_flags=SA_RESTART|SA_SIGINFO
SIGQUIT: [libjvm.so+0xb2a180], sa_mask[0]=11111111011111111101111111111110, sa_flags=SA_RESTART|SA_SIGINFO


---------------  S Y S T E M  ---------------

OS:DISTRIB_ID=Ubuntu
DISTRIB_RELEASE=18.04
DISTRIB_CODENAME=bionic
DISTRIB_DESCRIPTION="Ubuntu 18.04.1 LTS"
uname:Linux 4.15.0-42-generic #45-Ubuntu SMP Thu Nov 15 19:32:57 UTC 2018 x86_64
libc:glibc 2.27 NPTL 2.27 
rlimit: STACK 8192k, CORE 0k, NPROC 65535, NOFILE 65535, AS infinity, DATA infinity, FSIZE infinity
load average:3.26 1.73 1.44

/proc/meminfo:
MemTotal:        7960660 kB
MemFree:          128200 kB
MemAvailable:      64720 kB
Buffers:             772 kB
Cached:          1756028 kB
SwapCached:         5844 kB
Active:          5718984 kB
Inactive:        1559424 kB
Active(anon):    5706984 kB
Inactive(anon):  1543248 kB
Active(file):      12000 kB
Inactive(file):    16176 kB
Unevictable:         192 kB
Mlocked:             192 kB
SwapTotal:        999420 kB
SwapFree:              0 kB
Dirty:               128 kB
Writeback:             0 kB
AnonPages:       5517172 kB
Mapped:           342160 kB
Shmem:           1727412 kB
Slab:             287096 kB
SReclaimable:     126420 kB
SUnreclaim:       160676 kB
KernelStack:       21120 kB
PageTables:       103312 kB
NFS_Unstable:          0 kB
Bounce:                0 kB
WritebackTmp:          0 kB
CommitLimit:     4979748 kB
Committed_AS:   19858384 kB
VmallocTotal:   34359738367 kB
VmallocUsed:           0 kB
VmallocChunk:          0 kB
HardwareCorrupted:     0 kB
AnonHugePages:         0 kB
ShmemHugePages:        0 kB
ShmemPmdMapped:        0 kB
CmaTotal:              0 kB
CmaFree:               0 kB
HugePages_Total:       0
HugePages_Free:        0
HugePages_Rsvd:        0
HugePages_Surp:        0
Hugepagesize:       2048 kB
DirectMap4k:      711104 kB
DirectMap2M:     7471104 kB
DirectMap1G:           0 kB

container (cgroup) information:
container_type: cgroupv1
cpu_cpuset_cpus: 0-7
cpu_memory_nodes: 0
active_processor_count: 8
cpu_quota: -1
cpu_period: 100000
cpu_shares: -1
memory_limit_in_bytes: -1
memory_and_swap_limit_in_bytes: -2
memory_soft_limit_in_bytes: -1
memory_usage_in_bytes: 7576113152
memory_max_usage_in_bytes: 7594274816


CPU:total 8 (initial active 8) (4 cores per cpu, 2 threads per core) family 6 model 158 stepping 10, cmov, cx8, fxsr, mmx, sse, sse2, sse3, ssse3, sse4.1, sse4.2, popcnt, avx, avx2, aes, clmul, erms, 3dnowpref, lzcnt, ht, tsc, tscinvbit, bmi1, bmi2, adx, fma
CPU Model and flags from /proc/cpuinfo:
model name	: Intel(R) Core(TM) i5-8300H CPU @ 2.30GHz
flags		: fpu vme de pse tsc msr pae mce cx8 apic sep mtrr pge mca cmov pat pse36 clflush dts acpi mmx fxsr sse sse2 ss ht tm pbe syscall nx pdpe1gb rdtscp lm constant_tsc art arch_perfmon pebs bts rep_good nopl xtopology nonstop_tsc cpuid aperfmperf tsc_known_freq pni pclmulqdq dtes64 monitor ds_cpl vmx est tm2 ssse3 sdbg fma cx16 xtpr pdcm pcid sse4_1 sse4_2 x2apic movbe popcnt tsc_deadline_timer aes xsave avx f16c rdrand lahf_lm abm 3dnowprefetch cpuid_fault epb invpcid_single pti ibrs ibpb stibp tpr_shadow vnmi flexpriority ept vpid fsgsbase tsc_adjust bmi1 avx2 smep bmi2 erms invpcid mpx rdseed adx smap clflushopt intel_pt xsaveopt xsavec xgetbv1 xsaves dtherm ida arat pln pts hwp hwp_notify hwp_act_window hwp_epp

Memory: 4k page, physical 7960660k(127220k free), swap 999420k(0k free)

vm_info: OpenJDK 64-Bit Server VM (10.0.2+13-Ubuntu-1ubuntu0.18.04.4) for linux-amd64 JRE (10.0.2+13-Ubuntu-1ubuntu0.18.04.4), built on Nov 13 2018 12:53:39 by "buildd" with gcc 7.3.0

END.
